2022/04/15 22:34:24 raft.go:330: [0;37m[info] 1 became follower at term 0[0m
2022/04/15 22:34:24 raft.go:212: [0;37m[info] newRaft 1 [peers: [], term: 0 ][0m
2022/04/15 22:34:24 raft.go:330: [0;37m[info] 2 became follower at term 0[0m
2022/04/15 22:34:24 raft.go:212: [0;37m[info] newRaft 2 [peers: [], term: 0 ][0m
2022/04/15 22:34:24 raft.go:368: [0;37m[info] m.term 0[0m
2022/04/15 22:34:24 raft.go:343: [0;37m[info] 1 became candidate at term 9[0m
2022/04/15 22:34:24 raft.go:696: [0;37m[info] 1 received MsgRequestVote from 1 at term 9[0m
2022/04/15 22:34:24 raft.go:550: [0;37m[info] 1 [logterm: 6, index 10] sent MsgRequestVote request to 2 at Term 9[0m
2022/04/15 22:34:24 raft.go:550: [0;37m[info] 1 [logterm: 6, index 10] sent MsgRequestVote request to 3 at Term 9[0m
2022/04/15 22:34:24 raft.go:368: [0;37m[info] m.term 9[0m
2022/04/15 22:34:24 raft.go:375: [0;37m[info] 2 [term: 7] received a MsgRequestVote message with higher term from 1 [term: 9][0m
2022/04/15 22:34:24 raft.go:330: [0;37m[info] 2 became follower at term 9[0m
2022/04/15 22:34:24 raft.go:394: [0;37m[info] 2 [logterm: 6, index: 9, vote: 0] cast MsgRequestVote for 1 [logterm: 6, index: 10] at term 9[0m
2022/04/15 22:34:24 raft.go:368: [0;37m[info] m.term 9[0m
2022/04/15 22:34:24 raft.go:696: [0;37m[info] 1 received MsgRequestVoteResponse from 2 at term 9[0m
2022/04/15 22:34:24 raft.go:486: [0;37m[info] 1 [quorum:2] has reveived 2 votes and 0 vote rejections[0m
2022/04/15 22:34:24 log.go:167: [0;37m[info] l.entries before append [{EntryNormal 1 1 [] {} [] 0} {EntryNormal 1 2 [] {} [] 0} {EntryNormal 1 3 [] {} [] 0} {EntryNormal 4 4 [] {} [] 0} {EntryNormal 4 5 [] {} [] 0} {EntryNormal 5 6 [] {} [] 0} {EntryNormal 5 7 [] {} [] 0} {EntryNormal 6 8 [] {} [] 0} {EntryNormal 6 9 [] {} [] 0} {EntryNormal 6 10 [] {} [] 0}][0m
2022/04/15 22:34:24 log.go:168: [0;37m[info] ents before append [{EntryNormal 9 11 [] {} [] 0}][0m
2022/04/15 22:34:24 log.go:182: [0;37m[info] truncateAndAppend case 1[0m
2022/04/15 22:34:24 raft.go:361: [0;37m[info] 1 became leader at term 9, l.entries [{EntryNormal 1 1 [] {} [] 0} {EntryNormal 1 2 [] {} [] 0} {EntryNormal 1 3 [] {} [] 0} {EntryNormal 4 4 [] {} [] 0} {EntryNormal 4 5 [] {} [] 0} {EntryNormal 5 6 [] {} [] 0} {EntryNormal 5 7 [] {} [] 0} {EntryNormal 6 8 [] {} [] 0} {EntryNormal 6 9 [] {} [] 0} {EntryNormal 6 10 [] {} [] 0} {EntryNormal 9 11 [] {} [] 0}][0m
2022/04/15 22:34:24 log.go:135: [0;37m[info] l.entries [{EntryNormal 1 1 [] {} [] 0} {EntryNormal 1 2 [] {} [] 0} {EntryNormal 1 3 [] {} [] 0} {EntryNormal 4 4 [] {} [] 0} {EntryNormal 4 5 [] {} [] 0} {EntryNormal 5 6 [] {} [] 0} {EntryNormal 5 7 [] {} [] 0} {EntryNormal 6 8 [] {} [] 0} {EntryNormal 6 9 [] {} [] 0} {EntryNormal 6 10 [] {} [] 0} {EntryNormal 9 11 [] {} [] 0}], [11, 12)[0m
2022/04/15 22:34:24 log.go:215: [0;37m[info] entries [11, 12), [{EntryNormal 9 11 [] {} [] 0}][0m
2022/04/15 22:34:24 raft.go:244: [0;37m[info] 1 [term: 9, commit: 10, LastIndex: 11] send replication messages[PreIndex: 10, LogTerm: 6, entries [term:9 index:11 ]] to 2[0m
2022/04/15 22:34:24 log.go:135: [0;37m[info] l.entries [{EntryNormal 1 1 [] {} [] 0} {EntryNormal 1 2 [] {} [] 0} {EntryNormal 1 3 [] {} [] 0} {EntryNormal 4 4 [] {} [] 0} {EntryNormal 4 5 [] {} [] 0} {EntryNormal 5 6 [] {} [] 0} {EntryNormal 5 7 [] {} [] 0} {EntryNormal 6 8 [] {} [] 0} {EntryNormal 6 9 [] {} [] 0} {EntryNormal 6 10 [] {} [] 0} {EntryNormal 9 11 [] {} [] 0}], [11, 12)[0m
2022/04/15 22:34:24 log.go:215: [0;37m[info] entries [11, 12), [{EntryNormal 9 11 [] {} [] 0}][0m
2022/04/15 22:34:24 raft.go:244: [0;37m[info] 1 [term: 9, commit: 10, LastIndex: 11] send replication messages[PreIndex: 10, LogTerm: 6, entries [term:9 index:11 ]] to 3[0m
2022/04/15 22:34:24 raft.go:368: [0;37m[info] m.term 9[0m
2022/04/15 22:34:24 raft.go:522: [0;37m[info] follower append entries [term:9 index:11 ] at term 9[0m
2022/04/15 22:34:24 raft.go:608: [0;37m[info] handle append entries: [term:9 index:11 ][0m
2022/04/15 22:34:24 raft.go:615: [0;37m[info] 2 [logterm: 0, index: 10] rejected msgApp [logterm: 6, index: 10] from 1[0m
2022/04/15 22:34:24 raft.go:368: [0;37m[info] m.term 9[0m
2022/04/15 22:34:24 raft.go:456: [0;37m[info] 1 received msgApp rejection(lastindex: 9) from 2 for index 10[0m
2022/04/15 22:34:24 raft.go:460: [0;37m[info] 1 decreased progress of 2 to [ match=0 next=10][0m
2022/04/15 22:34:24 log.go:135: [0;37m[info] l.entries [{EntryNormal 1 1 [] {} [] 0} {EntryNormal 1 2 [] {} [] 0} {EntryNormal 1 3 [] {} [] 0} {EntryNormal 4 4 [] {} [] 0} {EntryNormal 4 5 [] {} [] 0} {EntryNormal 5 6 [] {} [] 0} {EntryNormal 5 7 [] {} [] 0} {EntryNormal 6 8 [] {} [] 0} {EntryNormal 6 9 [] {} [] 0} {EntryNormal 6 10 [] {} [] 0} {EntryNormal 9 11 [] {} [] 0}], [10, 12)[0m
2022/04/15 22:34:24 log.go:215: [0;37m[info] entries [10, 12), [{EntryNormal 6 10 [] {} [] 0} {EntryNormal 9 11 [] {} [] 0}][0m
2022/04/15 22:34:24 raft.go:244: [0;37m[info] 1 [term: 9, commit: 10, LastIndex: 11] send replication messages[PreIndex: 9, LogTerm: 6, entries [term:6 index:10  term:9 index:11 ]] to 2[0m
2022/04/15 22:34:24 raft.go:368: [0;37m[info] m.term 9[0m
2022/04/15 22:34:24 raft.go:522: [0;37m[info] follower append entries [term:6 index:10  term:9 index:11 ] at term 9[0m
2022/04/15 22:34:24 raft.go:608: [0;37m[info] handle append entries: [term:6 index:10  term:9 index:11 ][0m
2022/04/15 22:34:24 log.go:312: [0;37m[info] match firstIndex 10[0m
2022/04/15 22:34:24 log.go:167: [0;37m[info] l.entries before append [{EntryNormal 1 1 [] {} [] 0} {EntryNormal 1 2 [] {} [] 0} {EntryNormal 1 3 [] {} [] 0} {EntryNormal 4 4 [] {} [] 0} {EntryNormal 4 5 [] {} [] 0} {EntryNormal 5 6 [] {} [] 0} {EntryNormal 5 7 [] {} [] 0} {EntryNormal 6 8 [] {} [] 0} {EntryNormal 6 9 [] {} [] 0}][0m
2022/04/15 22:34:24 log.go:168: [0;37m[info] ents before append [{EntryNormal 6 10 [] {} [] 0} {EntryNormal 9 11 [] {} [] 0}][0m
2022/04/15 22:34:24 log.go:182: [0;37m[info] truncateAndAppend case 1[0m
2022/04/15 22:34:24 log.go:283: [0;37m[info] commit to 10[0m
2022/04/15 22:34:24 raft.go:610: [0;37m[info] 2 [Term: 9, matchIndex: 11] accepted msgApp [logterm: 6, index: 9] from 1[0m
2022/04/15 22:34:24 raft.go:368: [0;37m[info] m.term 9[0m
2022/04/15 22:34:24 log.go:283: [0;37m[info] commit to 11[0m
2022/04/15 22:34:24 raft.go:244: [0;37m[info] 1 [term: 9, commit: 11, LastIndex: 11] send replication messages[PreIndex: 11, LogTerm: 9, entries []] to 2[0m
2022/04/15 22:34:24 log.go:135: [0;37m[info] l.entries [{EntryNormal 1 1 [] {} [] 0} {EntryNormal 1 2 [] {} [] 0} {EntryNormal 1 3 [] {} [] 0} {EntryNormal 4 4 [] {} [] 0} {EntryNormal 4 5 [] {} [] 0} {EntryNormal 5 6 [] {} [] 0} {EntryNormal 5 7 [] {} [] 0} {EntryNormal 6 8 [] {} [] 0} {EntryNormal 6 9 [] {} [] 0} {EntryNormal 6 10 [] {} [] 0} {EntryNormal 9 11 [] {} [] 0}], [11, 12)[0m
2022/04/15 22:34:24 log.go:215: [0;37m[info] entries [11, 12), [{EntryNormal 9 11 [] {} [] 0}][0m
2022/04/15 22:34:24 raft.go:244: [0;37m[info] 1 [term: 9, commit: 11, LastIndex: 11] send replication messages[PreIndex: 10, LogTerm: 6, entries [term:9 index:11 ]] to 3[0m
2022/04/15 22:34:24 raft.go:470: [0;37m[info] 1 received msgApp agreement(matchIndex: 11) from 2 for index 9 ,and update committed from 10 to 11[0m
2022/04/15 22:34:24 raft.go:368: [0;37m[info] m.term 9[0m
2022/04/15 22:34:24 raft.go:522: [0;37m[info] follower append entries [] at term 9[0m
2022/04/15 22:34:24 raft.go:608: [0;37m[info] handle append entries: [][0m
2022/04/15 22:34:24 log.go:312: [0;37m[info] match firstIndex 0[0m
2022/04/15 22:34:24 log.go:283: [0;37m[info] commit to 11[0m
2022/04/15 22:34:24 raft.go:610: [0;37m[info] 2 [Term: 9, matchIndex: 11] accepted msgApp [logterm: 9, index: 11] from 1[0m
2022/04/15 22:34:24 raft.go:368: [0;37m[info] m.term 9[0m
2022/04/15 22:34:24 raft.go:470: [0;37m[info] 1 received msgApp agreement(matchIndex: 11) from 2 for index 11 ,and update committed from 11 to 11[0m
2022/04/15 22:34:24 raft.go:368: [0;37m[info] m.term 9[0m
2022/04/15 22:34:24 raft.go:368: [0;37m[info] m.term 0[0m
2022/04/15 22:34:24 log.go:167: [0;37m[info] l.entries before append [{EntryNormal 1 1 [] {} [] 0} {EntryNormal 1 2 [] {} [] 0} {EntryNormal 1 3 [] {} [] 0} {EntryNormal 4 4 [] {} [] 0} {EntryNormal 4 5 [] {} [] 0} {EntryNormal 5 6 [] {} [] 0} {EntryNormal 5 7 [] {} [] 0} {EntryNormal 6 8 [] {} [] 0} {EntryNormal 6 9 [] {} [] 0} {EntryNormal 6 10 [] {} [] 0} {EntryNormal 9 11 [] {} [] 0}][0m
2022/04/15 22:34:24 log.go:168: [0;37m[info] ents before append [{EntryNormal 9 12 [] {} [] 0}][0m
2022/04/15 22:34:24 log.go:182: [0;37m[info] truncateAndAppend case 1[0m
2022/04/15 22:34:24 log.go:135: [0;37m[info] l.entries [{EntryNormal 1 1 [] {} [] 0} {EntryNormal 1 2 [] {} [] 0} {EntryNormal 1 3 [] {} [] 0} {EntryNormal 4 4 [] {} [] 0} {EntryNormal 4 5 [] {} [] 0} {EntryNormal 5 6 [] {} [] 0} {EntryNormal 5 7 [] {} [] 0} {EntryNormal 6 8 [] {} [] 0} {EntryNormal 6 9 [] {} [] 0} {EntryNormal 6 10 [] {} [] 0} {EntryNormal 9 11 [] {} [] 0} {EntryNormal 9 12 [] {} [] 0}], [12, 13)[0m
2022/04/15 22:34:24 log.go:215: [0;37m[info] entries [12, 13), [{EntryNormal 9 12 [] {} [] 0}][0m
2022/04/15 22:34:24 raft.go:244: [0;37m[info] 1 [term: 9, commit: 11, LastIndex: 12] send replication messages[PreIndex: 11, LogTerm: 9, entries [term:9 index:12 ]] to 2[0m
2022/04/15 22:34:24 log.go:135: [0;37m[info] l.entries [{EntryNormal 1 1 [] {} [] 0} {EntryNormal 1 2 [] {} [] 0} {EntryNormal 1 3 [] {} [] 0} {EntryNormal 4 4 [] {} [] 0} {EntryNormal 4 5 [] {} [] 0} {EntryNormal 5 6 [] {} [] 0} {EntryNormal 5 7 [] {} [] 0} {EntryNormal 6 8 [] {} [] 0} {EntryNormal 6 9 [] {} [] 0} {EntryNormal 6 10 [] {} [] 0} {EntryNormal 9 11 [] {} [] 0} {EntryNormal 9 12 [] {} [] 0}], [11, 13)[0m
2022/04/15 22:34:24 log.go:215: [0;37m[info] entries [11, 13), [{EntryNormal 9 11 [] {} [] 0} {EntryNormal 9 12 [] {} [] 0}][0m
2022/04/15 22:34:24 raft.go:244: [0;37m[info] 1 [term: 9, commit: 11, LastIndex: 12] send replication messages[PreIndex: 10, LogTerm: 6, entries [term:9 index:11  term:9 index:12 ]] to 3[0m
2022/04/15 22:34:24 raft.go:368: [0;37m[info] m.term 9[0m
2022/04/15 22:34:24 raft.go:522: [0;37m[info] follower append entries [term:9 index:12 ] at term 9[0m
2022/04/15 22:34:24 raft.go:608: [0;37m[info] handle append entries: [term:9 index:12 ][0m
2022/04/15 22:34:24 log.go:312: [0;37m[info] match firstIndex 12[0m
2022/04/15 22:34:24 log.go:167: [0;37m[info] l.entries before append [{EntryNormal 1 1 [] {} [] 0} {EntryNormal 1 2 [] {} [] 0} {EntryNormal 1 3 [] {} [] 0} {EntryNormal 4 4 [] {} [] 0} {EntryNormal 4 5 [] {} [] 0} {EntryNormal 5 6 [] {} [] 0} {EntryNormal 5 7 [] {} [] 0} {EntryNormal 6 8 [] {} [] 0} {EntryNormal 6 9 [] {} [] 0} {EntryNormal 6 10 [] {} [] 0} {EntryNormal 9 11 [] {} [] 0}][0m
2022/04/15 22:34:24 log.go:168: [0;37m[info] ents before append [{EntryNormal 9 12 [] {} [] 0}][0m
2022/04/15 22:34:24 log.go:182: [0;37m[info] truncateAndAppend case 1[0m
2022/04/15 22:34:24 raft.go:610: [0;37m[info] 2 [Term: 9, matchIndex: 12] accepted msgApp [logterm: 9, index: 11] from 1[0m
2022/04/15 22:34:24 raft.go:368: [0;37m[info] m.term 9[0m
2022/04/15 22:34:24 log.go:283: [0;37m[info] commit to 12[0m
2022/04/15 22:34:24 raft.go:244: [0;37m[info] 1 [term: 9, commit: 12, LastIndex: 12] send replication messages[PreIndex: 12, LogTerm: 9, entries []] to 2[0m
2022/04/15 22:34:24 log.go:135: [0;37m[info] l.entries [{EntryNormal 1 1 [] {} [] 0} {EntryNormal 1 2 [] {} [] 0} {EntryNormal 1 3 [] {} [] 0} {EntryNormal 4 4 [] {} [] 0} {EntryNormal 4 5 [] {} [] 0} {EntryNormal 5 6 [] {} [] 0} {EntryNormal 5 7 [] {} [] 0} {EntryNormal 6 8 [] {} [] 0} {EntryNormal 6 9 [] {} [] 0} {EntryNormal 6 10 [] {} [] 0} {EntryNormal 9 11 [] {} [] 0} {EntryNormal 9 12 [] {} [] 0}], [11, 13)[0m
2022/04/15 22:34:24 log.go:215: [0;37m[info] entries [11, 13), [{EntryNormal 9 11 [] {} [] 0} {EntryNormal 9 12 [] {} [] 0}][0m
2022/04/15 22:34:24 raft.go:244: [0;37m[info] 1 [term: 9, commit: 12, LastIndex: 12] send replication messages[PreIndex: 10, LogTerm: 6, entries [term:9 index:11  term:9 index:12 ]] to 3[0m
2022/04/15 22:34:24 raft.go:470: [0;37m[info] 1 received msgApp agreement(matchIndex: 12) from 2 for index 11 ,and update committed from 11 to 12[0m
2022/04/15 22:34:24 raft.go:368: [0;37m[info] m.term 9[0m
2022/04/15 22:34:24 raft.go:522: [0;37m[info] follower append entries [] at term 9[0m
2022/04/15 22:34:24 raft.go:608: [0;37m[info] handle append entries: [][0m
2022/04/15 22:34:24 log.go:312: [0;37m[info] match firstIndex 0[0m
2022/04/15 22:34:24 log.go:283: [0;37m[info] commit to 12[0m
2022/04/15 22:34:24 raft.go:610: [0;37m[info] 2 [Term: 9, matchIndex: 12] accepted msgApp [logterm: 9, index: 12] from 1[0m
2022/04/15 22:34:24 raft.go:368: [0;37m[info] m.term 9[0m
2022/04/15 22:34:24 raft.go:470: [0;37m[info] 1 received msgApp agreement(matchIndex: 12) from 2 for index 12 ,and update committed from 12 to 12[0m
2022/04/15 22:34:24 raft.go:330: [0;37m[info] 1 became follower at term 0[0m
2022/04/15 22:34:24 raft.go:212: [0;37m[info] newRaft 1 [peers: [], term: 0 ][0m
2022/04/15 22:34:24 raft.go:330: [0;37m[info] 2 became follower at term 0[0m
2022/04/15 22:34:24 raft.go:212: [0;37m[info] newRaft 2 [peers: [], term: 0 ][0m
2022/04/15 22:34:24 raft.go:368: [0;37m[info] m.term 0[0m
2022/04/15 22:34:24 raft.go:343: [0;37m[info] 1 became candidate at term 9[0m
2022/04/15 22:34:24 raft.go:696: [0;37m[info] 1 received MsgRequestVote from 1 at term 9[0m
2022/04/15 22:34:24 raft.go:550: [0;37m[info] 1 [logterm: 6, index 10] sent MsgRequestVote request to 2 at Term 9[0m
2022/04/15 22:34:24 raft.go:550: [0;37m[info] 1 [logterm: 6, index 10] sent MsgRequestVote request to 3 at Term 9[0m
2022/04/15 22:34:24 raft.go:368: [0;37m[info] m.term 9[0m
2022/04/15 22:34:24 raft.go:375: [0;37m[info] 2 [term: 7] received a MsgRequestVote message with higher term from 1 [term: 9][0m
2022/04/15 22:34:24 raft.go:330: [0;37m[info] 2 became follower at term 9[0m
2022/04/15 22:34:24 raft.go:394: [0;37m[info] 2 [logterm: 4, index: 4, vote: 0] cast MsgRequestVote for 1 [logterm: 6, index: 10] at term 9[0m
2022/04/15 22:34:24 raft.go:368: [0;37m[info] m.term 9[0m
2022/04/15 22:34:24 raft.go:696: [0;37m[info] 1 received MsgRequestVoteResponse from 2 at term 9[0m
2022/04/15 22:34:24 raft.go:486: [0;37m[info] 1 [quorum:2] has reveived 2 votes and 0 vote rejections[0m
2022/04/15 22:34:24 log.go:167: [0;37m[info] l.entries before append [{EntryNormal 1 1 [] {} [] 0} {EntryNormal 1 2 [] {} [] 0} {EntryNormal 1 3 [] {} [] 0} {EntryNormal 4 4 [] {} [] 0} {EntryNormal 4 5 [] {} [] 0} {EntryNormal 5 6 [] {} [] 0} {EntryNormal 5 7 [] {} [] 0} {EntryNormal 6 8 [] {} [] 0} {EntryNormal 6 9 [] {} [] 0} {EntryNormal 6 10 [] {} [] 0}][0m
2022/04/15 22:34:24 log.go:168: [0;37m[info] ents before append [{EntryNormal 9 11 [] {} [] 0}][0m
2022/04/15 22:34:24 log.go:182: [0;37m[info] truncateAndAppend case 1[0m
2022/04/15 22:34:24 raft.go:361: [0;37m[info] 1 became leader at term 9, l.entries [{EntryNormal 1 1 [] {} [] 0} {EntryNormal 1 2 [] {} [] 0} {EntryNormal 1 3 [] {} [] 0} {EntryNormal 4 4 [] {} [] 0} {EntryNormal 4 5 [] {} [] 0} {EntryNormal 5 6 [] {} [] 0} {EntryNormal 5 7 [] {} [] 0} {EntryNormal 6 8 [] {} [] 0} {EntryNormal 6 9 [] {} [] 0} {EntryNormal 6 10 [] {} [] 0} {EntryNormal 9 11 [] {} [] 0}][0m
2022/04/15 22:34:24 log.go:135: [0;37m[info] l.entries [{EntryNormal 1 1 [] {} [] 0} {EntryNormal 1 2 [] {} [] 0} {EntryNormal 1 3 [] {} [] 0} {EntryNormal 4 4 [] {} [] 0} {EntryNormal 4 5 [] {} [] 0} {EntryNormal 5 6 [] {} [] 0} {EntryNormal 5 7 [] {} [] 0} {EntryNormal 6 8 [] {} [] 0} {EntryNormal 6 9 [] {} [] 0} {EntryNormal 6 10 [] {} [] 0} {EntryNormal 9 11 [] {} [] 0}], [11, 12)[0m
2022/04/15 22:34:24 log.go:215: [0;37m[info] entries [11, 12), [{EntryNormal 9 11 [] {} [] 0}][0m
2022/04/15 22:34:24 raft.go:244: [0;37m[info] 1 [term: 9, commit: 10, LastIndex: 11] send replication messages[PreIndex: 10, LogTerm: 6, entries [term:9 index:11 ]] to 2[0m
2022/04/15 22:34:24 log.go:135: [0;37m[info] l.entries [{EntryNormal 1 1 [] {} [] 0} {EntryNormal 1 2 [] {} [] 0} {EntryNormal 1 3 [] {} [] 0} {EntryNormal 4 4 [] {} [] 0} {EntryNormal 4 5 [] {} [] 0} {EntryNormal 5 6 [] {} [] 0} {EntryNormal 5 7 [] {} [] 0} {EntryNormal 6 8 [] {} [] 0} {EntryNormal 6 9 [] {} [] 0} {EntryNormal 6 10 [] {} [] 0} {EntryNormal 9 11 [] {} [] 0}], [11, 12)[0m
2022/04/15 22:34:24 log.go:215: [0;37m[info] entries [11, 12), [{EntryNormal 9 11 [] {} [] 0}][0m
2022/04/15 22:34:24 raft.go:244: [0;37m[info] 1 [term: 9, commit: 10, LastIndex: 11] send replication messages[PreIndex: 10, LogTerm: 6, entries [term:9 index:11 ]] to 3[0m
2022/04/15 22:34:24 raft.go:368: [0;37m[info] m.term 9[0m
2022/04/15 22:34:24 raft.go:522: [0;37m[info] follower append entries [term:9 index:11 ] at term 9[0m
2022/04/15 22:34:24 raft.go:608: [0;37m[info] handle append entries: [term:9 index:11 ][0m
2022/04/15 22:34:24 raft.go:615: [0;37m[info] 2 [logterm: 0, index: 10] rejected msgApp [logterm: 6, index: 10] from 1[0m
2022/04/15 22:34:24 raft.go:368: [0;37m[info] m.term 9[0m
2022/04/15 22:34:24 raft.go:456: [0;37m[info] 1 received msgApp rejection(lastindex: 4) from 2 for index 10[0m
2022/04/15 22:34:24 raft.go:460: [0;37m[info] 1 decreased progress of 2 to [ match=0 next=5][0m
2022/04/15 22:34:24 log.go:135: [0;37m[info] l.entries [{EntryNormal 1 1 [] {} [] 0} {EntryNormal 1 2 [] {} [] 0} {EntryNormal 1 3 [] {} [] 0} {EntryNormal 4 4 [] {} [] 0} {EntryNormal 4 5 [] {} [] 0} {EntryNormal 5 6 [] {} [] 0} {EntryNormal 5 7 [] {} [] 0} {EntryNormal 6 8 [] {} [] 0} {EntryNormal 6 9 [] {} [] 0} {EntryNormal 6 10 [] {} [] 0} {EntryNormal 9 11 [] {} [] 0}], [5, 12)[0m
2022/04/15 22:34:24 log.go:215: [0;37m[info] entries [5, 12), [{EntryNormal 4 5 [] {} [] 0} {EntryNormal 5 6 [] {} [] 0} {EntryNormal 5 7 [] {} [] 0} {EntryNormal 6 8 [] {} [] 0} {EntryNormal 6 9 [] {} [] 0} {EntryNormal 6 10 [] {} [] 0} {EntryNormal 9 11 [] {} [] 0}][0m
2022/04/15 22:34:24 raft.go:244: [0;37m[info] 1 [term: 9, commit: 10, LastIndex: 11] send replication messages[PreIndex: 4, LogTerm: 4, entries [term:4 index:5  term:5 index:6  term:5 index:7  term:6 index:8  term:6 index:9  term:6 index:10  term:9 index:11 ]] to 2[0m
2022/04/15 22:34:24 raft.go:368: [0;37m[info] m.term 9[0m
2022/04/15 22:34:24 raft.go:522: [0;37m[info] follower append entries [term:4 index:5  term:5 index:6  term:5 index:7  term:6 index:8  term:6 index:9  term:6 index:10  term:9 index:11 ] at term 9[0m
2022/04/15 22:34:24 raft.go:608: [0;37m[info] handle append entries: [term:4 index:5  term:5 index:6  term:5 index:7  term:6 index:8  term:6 index:9  term:6 index:10  term:9 index:11 ][0m
2022/04/15 22:34:24 log.go:312: [0;37m[info] match firstIndex 5[0m
2022/04/15 22:34:24 log.go:167: [0;37m[info] l.entries before append [{EntryNormal 1 1 [] {} [] 0} {EntryNormal 1 2 [] {} [] 0} {EntryNormal 1 3 [] {} [] 0} {EntryNormal 4 4 [] {} [] 0}][0m
2022/04/15 22:34:24 log.go:168: [0;37m[info] ents before append [{EntryNormal 4 5 [] {} [] 0} {EntryNormal 5 6 [] {} [] 0} {EntryNormal 5 7 [] {} [] 0} {EntryNormal 6 8 [] {} [] 0} {EntryNormal 6 9 [] {} [] 0} {EntryNormal 6 10 [] {} [] 0} {EntryNormal 9 11 [] {} [] 0}][0m
2022/04/15 22:34:24 log.go:182: [0;37m[info] truncateAndAppend case 1[0m
2022/04/15 22:34:24 log.go:283: [0;37m[info] commit to 10[0m
2022/04/15 22:34:24 raft.go:610: [0;37m[info] 2 [Term: 9, matchIndex: 11] accepted msgApp [logterm: 4, index: 4] from 1[0m
2022/04/15 22:34:24 raft.go:368: [0;37m[info] m.term 9[0m
2022/04/15 22:34:24 log.go:283: [0;37m[info] commit to 11[0m
2022/04/15 22:34:24 raft.go:244: [0;37m[info] 1 [term: 9, commit: 11, LastIndex: 11] send replication messages[PreIndex: 11, LogTerm: 9, entries []] to 2[0m
2022/04/15 22:34:24 log.go:135: [0;37m[info] l.entries [{EntryNormal 1 1 [] {} [] 0} {EntryNormal 1 2 [] {} [] 0} {EntryNormal 1 3 [] {} [] 0} {EntryNormal 4 4 [] {} [] 0} {EntryNormal 4 5 [] {} [] 0} {EntryNormal 5 6 [] {} [] 0} {EntryNormal 5 7 [] {} [] 0} {EntryNormal 6 8 [] {} [] 0} {EntryNormal 6 9 [] {} [] 0} {EntryNormal 6 10 [] {} [] 0} {EntryNormal 9 11 [] {} [] 0}], [11, 12)[0m
2022/04/15 22:34:24 log.go:215: [0;37m[info] entries [11, 12), [{EntryNormal 9 11 [] {} [] 0}][0m
2022/04/15 22:34:24 raft.go:244: [0;37m[info] 1 [term: 9, commit: 11, LastIndex: 11] send replication messages[PreIndex: 10, LogTerm: 6, entries [term:9 index:11 ]] to 3[0m
2022/04/15 22:34:24 raft.go:470: [0;37m[info] 1 received msgApp agreement(matchIndex: 11) from 2 for index 4 ,and update committed from 10 to 11[0m
2022/04/15 22:34:24 raft.go:368: [0;37m[info] m.term 9[0m
2022/04/15 22:34:24 raft.go:522: [0;37m[info] follower append entries [] at term 9[0m
2022/04/15 22:34:24 raft.go:608: [0;37m[info] handle append entries: [][0m
2022/04/15 22:34:24 log.go:312: [0;37m[info] match firstIndex 0[0m
2022/04/15 22:34:24 log.go:283: [0;37m[info] commit to 11[0m
2022/04/15 22:34:24 raft.go:610: [0;37m[info] 2 [Term: 9, matchIndex: 11] accepted msgApp [logterm: 9, index: 11] from 1[0m
2022/04/15 22:34:24 raft.go:368: [0;37m[info] m.term 9[0m
2022/04/15 22:34:24 raft.go:470: [0;37m[info] 1 received msgApp agreement(matchIndex: 11) from 2 for index 11 ,and update committed from 11 to 11[0m
2022/04/15 22:34:24 raft.go:368: [0;37m[info] m.term 9[0m
2022/04/15 22:34:24 raft.go:368: [0;37m[info] m.term 0[0m
2022/04/15 22:34:24 log.go:167: [0;37m[info] l.entries before append [{EntryNormal 1 1 [] {} [] 0} {EntryNormal 1 2 [] {} [] 0} {EntryNormal 1 3 [] {} [] 0} {EntryNormal 4 4 [] {} [] 0} {EntryNormal 4 5 [] {} [] 0} {EntryNormal 5 6 [] {} [] 0} {EntryNormal 5 7 [] {} [] 0} {EntryNormal 6 8 [] {} [] 0} {EntryNormal 6 9 [] {} [] 0} {EntryNormal 6 10 [] {} [] 0} {EntryNormal 9 11 [] {} [] 0}][0m
2022/04/15 22:34:24 log.go:168: [0;37m[info] ents before append [{EntryNormal 9 12 [] {} [] 0}][0m
2022/04/15 22:34:24 log.go:182: [0;37m[info] truncateAndAppend case 1[0m
2022/04/15 22:34:24 log.go:135: [0;37m[info] l.entries [{EntryNormal 1 1 [] {} [] 0} {EntryNormal 1 2 [] {} [] 0} {EntryNormal 1 3 [] {} [] 0} {EntryNormal 4 4 [] {} [] 0} {EntryNormal 4 5 [] {} [] 0} {EntryNormal 5 6 [] {} [] 0} {EntryNormal 5 7 [] {} [] 0} {EntryNormal 6 8 [] {} [] 0} {EntryNormal 6 9 [] {} [] 0} {EntryNormal 6 10 [] {} [] 0} {EntryNormal 9 11 [] {} [] 0} {EntryNormal 9 12 [] {} [] 0}], [12, 13)[0m
2022/04/15 22:34:24 log.go:215: [0;37m[info] entries [12, 13), [{EntryNormal 9 12 [] {} [] 0}][0m
2022/04/15 22:34:24 raft.go:244: [0;37m[info] 1 [term: 9, commit: 11, LastIndex: 12] send replication messages[PreIndex: 11, LogTerm: 9, entries [term:9 index:12 ]] to 2[0m
2022/04/15 22:34:24 log.go:135: [0;37m[info] l.entries [{EntryNormal 1 1 [] {} [] 0} {EntryNormal 1 2 [] {} [] 0} {EntryNormal 1 3 [] {} [] 0} {EntryNormal 4 4 [] {} [] 0} {EntryNormal 4 5 [] {} [] 0} {EntryNormal 5 6 [] {} [] 0} {EntryNormal 5 7 [] {} [] 0} {EntryNormal 6 8 [] {} [] 0} {EntryNormal 6 9 [] {} [] 0} {EntryNormal 6 10 [] {} [] 0} {EntryNormal 9 11 [] {} [] 0} {EntryNormal 9 12 [] {} [] 0}], [11, 13)[0m
2022/04/15 22:34:24 log.go:215: [0;37m[info] entries [11, 13), [{EntryNormal 9 11 [] {} [] 0} {EntryNormal 9 12 [] {} [] 0}][0m
2022/04/15 22:34:24 raft.go:244: [0;37m[info] 1 [term: 9, commit: 11, LastIndex: 12] send replication messages[PreIndex: 10, LogTerm: 6, entries [term:9 index:11  term:9 index:12 ]] to 3[0m
2022/04/15 22:34:24 raft.go:368: [0;37m[info] m.term 9[0m
2022/04/15 22:34:24 raft.go:522: [0;37m[info] follower append entries [term:9 index:12 ] at term 9[0m
2022/04/15 22:34:24 raft.go:608: [0;37m[info] handle append entries: [term:9 index:12 ][0m
2022/04/15 22:34:24 log.go:312: [0;37m[info] match firstIndex 12[0m
2022/04/15 22:34:24 log.go:167: [0;37m[info] l.entries before append [{EntryNormal 1 1 [] {} [] 0} {EntryNormal 1 2 [] {} [] 0} {EntryNormal 1 3 [] {} [] 0} {EntryNormal 4 4 [] {} [] 0} {EntryNormal 4 5 [] {} [] 0} {EntryNormal 5 6 [] {} [] 0} {EntryNormal 5 7 [] {} [] 0} {EntryNormal 6 8 [] {} [] 0} {EntryNormal 6 9 [] {} [] 0} {EntryNormal 6 10 [] {} [] 0} {EntryNormal 9 11 [] {} [] 0}][0m
2022/04/15 22:34:24 log.go:168: [0;37m[info] ents before append [{EntryNormal 9 12 [] {} [] 0}][0m
2022/04/15 22:34:24 log.go:182: [0;37m[info] truncateAndAppend case 1[0m
2022/04/15 22:34:24 raft.go:610: [0;37m[info] 2 [Term: 9, matchIndex: 12] accepted msgApp [logterm: 9, index: 11] from 1[0m
2022/04/15 22:34:24 raft.go:368: [0;37m[info] m.term 9[0m
2022/04/15 22:34:24 log.go:283: [0;37m[info] commit to 12[0m
2022/04/15 22:34:24 log.go:135: [0;37m[info] l.entries [{EntryNormal 1 1 [] {} [] 0} {EntryNormal 1 2 [] {} [] 0} {EntryNormal 1 3 [] {} [] 0} {EntryNormal 4 4 [] {} [] 0} {EntryNormal 4 5 [] {} [] 0} {EntryNormal 5 6 [] {} [] 0} {EntryNormal 5 7 [] {} [] 0} {EntryNormal 6 8 [] {} [] 0} {EntryNormal 6 9 [] {} [] 0} {EntryNormal 6 10 [] {} [] 0} {EntryNormal 9 11 [] {} [] 0} {EntryNormal 9 12 [] {} [] 0}], [11, 13)[0m
2022/04/15 22:34:24 log.go:215: [0;37m[info] entries [11, 13), [{EntryNormal 9 11 [] {} [] 0} {EntryNormal 9 12 [] {} [] 0}][0m
2022/04/15 22:34:24 raft.go:244: [0;37m[info] 1 [term: 9, commit: 12, LastIndex: 12] send replication messages[PreIndex: 10, LogTerm: 6, entries [term:9 index:11  term:9 index:12 ]] to 3[0m
2022/04/15 22:34:24 raft.go:244: [0;37m[info] 1 [term: 9, commit: 12, LastIndex: 12] send replication messages[PreIndex: 12, LogTerm: 9, entries []] to 2[0m
2022/04/15 22:34:24 raft.go:470: [0;37m[info] 1 received msgApp agreement(matchIndex: 12) from 2 for index 11 ,and update committed from 11 to 12[0m
2022/04/15 22:34:24 raft.go:368: [0;37m[info] m.term 9[0m
2022/04/15 22:34:24 raft.go:522: [0;37m[info] follower append entries [] at term 9[0m
2022/04/15 22:34:24 raft.go:608: [0;37m[info] handle append entries: [][0m
2022/04/15 22:34:24 log.go:312: [0;37m[info] match firstIndex 0[0m
2022/04/15 22:34:24 log.go:283: [0;37m[info] commit to 12[0m
2022/04/15 22:34:24 raft.go:610: [0;37m[info] 2 [Term: 9, matchIndex: 12] accepted msgApp [logterm: 9, index: 12] from 1[0m
2022/04/15 22:34:24 raft.go:368: [0;37m[info] m.term 9[0m
2022/04/15 22:34:24 raft.go:470: [0;37m[info] 1 received msgApp agreement(matchIndex: 12) from 2 for index 12 ,and update committed from 12 to 12[0m
2022/04/15 22:34:24 raft.go:330: [0;37m[info] 1 became follower at term 0[0m
2022/04/15 22:34:24 raft.go:212: [0;37m[info] newRaft 1 [peers: [], term: 0 ][0m
2022/04/15 22:34:24 raft.go:330: [0;37m[info] 2 became follower at term 0[0m
2022/04/15 22:34:24 raft.go:212: [0;37m[info] newRaft 2 [peers: [], term: 0 ][0m
2022/04/15 22:34:24 raft.go:368: [0;37m[info] m.term 0[0m
2022/04/15 22:34:24 raft.go:343: [0;37m[info] 1 became candidate at term 9[0m
2022/04/15 22:34:24 raft.go:696: [0;37m[info] 1 received MsgRequestVote from 1 at term 9[0m
2022/04/15 22:34:24 raft.go:550: [0;37m[info] 1 [logterm: 6, index 10] sent MsgRequestVote request to 2 at Term 9[0m
2022/04/15 22:34:24 raft.go:550: [0;37m[info] 1 [logterm: 6, index 10] sent MsgRequestVote request to 3 at Term 9[0m
2022/04/15 22:34:24 raft.go:368: [0;37m[info] m.term 9[0m
2022/04/15 22:34:24 raft.go:375: [0;37m[info] 2 [term: 7] received a MsgRequestVote message with higher term from 1 [term: 9][0m
2022/04/15 22:34:24 raft.go:330: [0;37m[info] 2 became follower at term 9[0m
2022/04/15 22:34:24 raft.go:402: [0;37m[info] 2 [logterm: 6, index: 11, vote: 0] rejected MsgRequestVote for 1 [logterm: 6, index: 10] at term 9[0m
2022/04/15 22:34:24 raft.go:368: [0;37m[info] m.term 9[0m
2022/04/15 22:34:24 raft.go:698: [0;37m[info] 1 received MsgRequestVoteResponse rejection from 2 at term 9[0m
2022/04/15 22:34:24 raft.go:486: [0;37m[info] 1 [quorum:2] has reveived 1 votes and 1 vote rejections[0m
2022/04/15 22:34:24 raft.go:368: [0;37m[info] m.term 9[0m
2022/04/15 22:34:24 raft.go:696: [0;37m[info] 1 received MsgRequestVoteResponse from 3 at term 9[0m
2022/04/15 22:34:24 raft.go:486: [0;37m[info] 1 [quorum:2] has reveived 2 votes and 1 vote rejections[0m
2022/04/15 22:34:24 log.go:167: [0;37m[info] l.entries before append [{EntryNormal 1 1 [] {} [] 0} {EntryNormal 1 2 [] {} [] 0} {EntryNormal 1 3 [] {} [] 0} {EntryNormal 4 4 [] {} [] 0} {EntryNormal 4 5 [] {} [] 0} {EntryNormal 5 6 [] {} [] 0} {EntryNormal 5 7 [] {} [] 0} {EntryNormal 6 8 [] {} [] 0} {EntryNormal 6 9 [] {} [] 0} {EntryNormal 6 10 [] {} [] 0}][0m
2022/04/15 22:34:24 log.go:168: [0;37m[info] ents before append [{EntryNormal 9 11 [] {} [] 0}][0m
2022/04/15 22:34:24 log.go:182: [0;37m[info] truncateAndAppend case 1[0m
2022/04/15 22:34:24 raft.go:361: [0;37m[info] 1 became leader at term 9, l.entries [{EntryNormal 1 1 [] {} [] 0} {EntryNormal 1 2 [] {} [] 0} {EntryNormal 1 3 [] {} [] 0} {EntryNormal 4 4 [] {} [] 0} {EntryNormal 4 5 [] {} [] 0} {EntryNormal 5 6 [] {} [] 0} {EntryNormal 5 7 [] {} [] 0} {EntryNormal 6 8 [] {} [] 0} {EntryNormal 6 9 [] {} [] 0} {EntryNormal 6 10 [] {} [] 0} {EntryNormal 9 11 [] {} [] 0}][0m
2022/04/15 22:34:24 log.go:135: [0;37m[info] l.entries [{EntryNormal 1 1 [] {} [] 0} {EntryNormal 1 2 [] {} [] 0} {EntryNormal 1 3 [] {} [] 0} {EntryNormal 4 4 [] {} [] 0} {EntryNormal 4 5 [] {} [] 0} {EntryNormal 5 6 [] {} [] 0} {EntryNormal 5 7 [] {} [] 0} {EntryNormal 6 8 [] {} [] 0} {EntryNormal 6 9 [] {} [] 0} {EntryNormal 6 10 [] {} [] 0} {EntryNormal 9 11 [] {} [] 0}], [11, 12)[0m
2022/04/15 22:34:24 log.go:215: [0;37m[info] entries [11, 12), [{EntryNormal 9 11 [] {} [] 0}][0m
2022/04/15 22:34:24 raft.go:244: [0;37m[info] 1 [term: 9, commit: 10, LastIndex: 11] send replication messages[PreIndex: 10, LogTerm: 6, entries [term:9 index:11 ]] to 2[0m
2022/04/15 22:34:24 log.go:135: [0;37m[info] l.entries [{EntryNormal 1 1 [] {} [] 0} {EntryNormal 1 2 [] {} [] 0} {EntryNormal 1 3 [] {} [] 0} {EntryNormal 4 4 [] {} [] 0} {EntryNormal 4 5 [] {} [] 0} {EntryNormal 5 6 [] {} [] 0} {EntryNormal 5 7 [] {} [] 0} {EntryNormal 6 8 [] {} [] 0} {EntryNormal 6 9 [] {} [] 0} {EntryNormal 6 10 [] {} [] 0} {EntryNormal 9 11 [] {} [] 0}], [11, 12)[0m
2022/04/15 22:34:24 log.go:215: [0;37m[info] entries [11, 12), [{EntryNormal 9 11 [] {} [] 0}][0m
2022/04/15 22:34:24 raft.go:244: [0;37m[info] 1 [term: 9, commit: 10, LastIndex: 11] send replication messages[PreIndex: 10, LogTerm: 6, entries [term:9 index:11 ]] to 3[0m
2022/04/15 22:34:24 raft.go:368: [0;37m[info] m.term 9[0m
2022/04/15 22:34:24 raft.go:522: [0;37m[info] follower append entries [term:9 index:11 ] at term 9[0m
2022/04/15 22:34:24 raft.go:608: [0;37m[info] handle append entries: [term:9 index:11 ][0m
2022/04/15 22:34:24 log.go:368: [0;37m[info] found conflict at index 11 [existing term: 6, conflicting term: 9][0m
2022/04/15 22:34:24 log.go:312: [0;37m[info] match firstIndex 11[0m
2022/04/15 22:34:24 log.go:167: [0;37m[info] l.entries before append [{EntryNormal 1 1 [] {} [] 0} {EntryNormal 1 2 [] {} [] 0} {EntryNormal 1 3 [] {} [] 0} {EntryNormal 4 4 [] {} [] 0} {EntryNormal 4 5 [] {} [] 0} {EntryNormal 5 6 [] {} [] 0} {EntryNormal 5 7 [] {} [] 0} {EntryNormal 6 8 [] {} [] 0} {EntryNormal 6 9 [] {} [] 0} {EntryNormal 6 10 [] {} [] 0} {EntryNormal 6 11 [] {} [] 0}][0m
2022/04/15 22:34:24 log.go:168: [0;37m[info] ents before append [{EntryNormal 9 11 [] {} [] 0}][0m
2022/04/15 22:34:24 log.go:197: [0;37m[info] truncateAndAppend case 3: start 11, end 11[0m
2022/04/15 22:34:24 log.go:215: [0;37m[info] entries [1, 11), [{EntryNormal 1 1 [] {} [] 0} {EntryNormal 1 2 [] {} [] 0} {EntryNormal 1 3 [] {} [] 0} {EntryNormal 4 4 [] {} [] 0} {EntryNormal 4 5 [] {} [] 0} {EntryNormal 5 6 [] {} [] 0} {EntryNormal 5 7 [] {} [] 0} {EntryNormal 6 8 [] {} [] 0} {EntryNormal 6 9 [] {} [] 0} {EntryNormal 6 10 [] {} [] 0}][0m
2022/04/15 22:34:24 log.go:283: [0;37m[info] commit to 10[0m
2022/04/15 22:34:24 raft.go:610: [0;37m[info] 2 [Term: 9, matchIndex: 11] accepted msgApp [logterm: 6, index: 10] from 1[0m
2022/04/15 22:34:24 raft.go:368: [0;37m[info] m.term 9[0m
2022/04/15 22:34:24 log.go:283: [0;37m[info] commit to 11[0m
2022/04/15 22:34:24 raft.go:244: [0;37m[info] 1 [term: 9, commit: 11, LastIndex: 11] send replication messages[PreIndex: 11, LogTerm: 9, entries []] to 2[0m
2022/04/15 22:34:24 log.go:135: [0;37m[info] l.entries [{EntryNormal 1 1 [] {} [] 0} {EntryNormal 1 2 [] {} [] 0} {EntryNormal 1 3 [] {} [] 0} {EntryNormal 4 4 [] {} [] 0} {EntryNormal 4 5 [] {} [] 0} {EntryNormal 5 6 [] {} [] 0} {EntryNormal 5 7 [] {} [] 0} {EntryNormal 6 8 [] {} [] 0} {EntryNormal 6 9 [] {} [] 0} {EntryNormal 6 10 [] {} [] 0} {EntryNormal 9 11 [] {} [] 0}], [11, 12)[0m
2022/04/15 22:34:24 log.go:215: [0;37m[info] entries [11, 12), [{EntryNormal 9 11 [] {} [] 0}][0m
2022/04/15 22:34:24 raft.go:244: [0;37m[info] 1 [term: 9, commit: 11, LastIndex: 11] send replication messages[PreIndex: 10, LogTerm: 6, entries [term:9 index:11 ]] to 3[0m
2022/04/15 22:34:24 raft.go:470: [0;37m[info] 1 received msgApp agreement(matchIndex: 11) from 2 for index 10 ,and update committed from 10 to 11[0m
2022/04/15 22:34:24 raft.go:368: [0;37m[info] m.term 9[0m
2022/04/15 22:34:24 raft.go:522: [0;37m[info] follower append entries [] at term 9[0m
2022/04/15 22:34:24 raft.go:608: [0;37m[info] handle append entries: [][0m
2022/04/15 22:34:24 log.go:312: [0;37m[info] match firstIndex 0[0m
2022/04/15 22:34:24 log.go:283: [0;37m[info] commit to 11[0m
2022/04/15 22:34:24 raft.go:610: [0;37m[info] 2 [Term: 9, matchIndex: 11] accepted msgApp [logterm: 9, index: 11] from 1[0m
2022/04/15 22:34:24 raft.go:368: [0;37m[info] m.term 9[0m
2022/04/15 22:34:24 raft.go:470: [0;37m[info] 1 received msgApp agreement(matchIndex: 11) from 2 for index 11 ,and update committed from 11 to 11[0m
2022/04/15 22:34:24 raft.go:368: [0;37m[info] m.term 0[0m
2022/04/15 22:34:24 log.go:167: [0;37m[info] l.entries before append [{EntryNormal 1 1 [] {} [] 0} {EntryNormal 1 2 [] {} [] 0} {EntryNormal 1 3 [] {} [] 0} {EntryNormal 4 4 [] {} [] 0} {EntryNormal 4 5 [] {} [] 0} {EntryNormal 5 6 [] {} [] 0} {EntryNormal 5 7 [] {} [] 0} {EntryNormal 6 8 [] {} [] 0} {EntryNormal 6 9 [] {} [] 0} {EntryNormal 6 10 [] {} [] 0} {EntryNormal 9 11 [] {} [] 0}][0m
2022/04/15 22:34:24 log.go:168: [0;37m[info] ents before append [{EntryNormal 9 12 [] {} [] 0}][0m
2022/04/15 22:34:24 log.go:182: [0;37m[info] truncateAndAppend case 1[0m
2022/04/15 22:34:24 log.go:135: [0;37m[info] l.entries [{EntryNormal 1 1 [] {} [] 0} {EntryNormal 1 2 [] {} [] 0} {EntryNormal 1 3 [] {} [] 0} {EntryNormal 4 4 [] {} [] 0} {EntryNormal 4 5 [] {} [] 0} {EntryNormal 5 6 [] {} [] 0} {EntryNormal 5 7 [] {} [] 0} {EntryNormal 6 8 [] {} [] 0} {EntryNormal 6 9 [] {} [] 0} {EntryNormal 6 10 [] {} [] 0} {EntryNormal 9 11 [] {} [] 0} {EntryNormal 9 12 [] {} [] 0}], [11, 13)[0m
2022/04/15 22:34:24 log.go:215: [0;37m[info] entries [11, 13), [{EntryNormal 9 11 [] {} [] 0} {EntryNormal 9 12 [] {} [] 0}][0m
2022/04/15 22:34:24 raft.go:244: [0;37m[info] 1 [term: 9, commit: 11, LastIndex: 12] send replication messages[PreIndex: 10, LogTerm: 6, entries [term:9 index:11  term:9 index:12 ]] to 3[0m
2022/04/15 22:34:24 log.go:135: [0;37m[info] l.entries [{EntryNormal 1 1 [] {} [] 0} {EntryNormal 1 2 [] {} [] 0} {EntryNormal 1 3 [] {} [] 0} {EntryNormal 4 4 [] {} [] 0} {EntryNormal 4 5 [] {} [] 0} {EntryNormal 5 6 [] {} [] 0} {EntryNormal 5 7 [] {} [] 0} {EntryNormal 6 8 [] {} [] 0} {EntryNormal 6 9 [] {} [] 0} {EntryNormal 6 10 [] {} [] 0} {EntryNormal 9 11 [] {} [] 0} {EntryNormal 9 12 [] {} [] 0}], [12, 13)[0m
2022/04/15 22:34:24 log.go:215: [0;37m[info] entries [12, 13), [{EntryNormal 9 12 [] {} [] 0}][0m
2022/04/15 22:34:24 raft.go:244: [0;37m[info] 1 [term: 9, commit: 11, LastIndex: 12] send replication messages[PreIndex: 11, LogTerm: 9, entries [term:9 index:12 ]] to 2[0m
2022/04/15 22:34:24 raft.go:368: [0;37m[info] m.term 9[0m
2022/04/15 22:34:24 raft.go:522: [0;37m[info] follower append entries [term:9 index:12 ] at term 9[0m
2022/04/15 22:34:24 raft.go:608: [0;37m[info] handle append entries: [term:9 index:12 ][0m
2022/04/15 22:34:24 log.go:312: [0;37m[info] match firstIndex 12[0m
2022/04/15 22:34:24 log.go:167: [0;37m[info] l.entries before append [{EntryNormal 1 1 [] {} [] 0} {EntryNormal 1 2 [] {} [] 0} {EntryNormal 1 3 [] {} [] 0} {EntryNormal 4 4 [] {} [] 0} {EntryNormal 4 5 [] {} [] 0} {EntryNormal 5 6 [] {} [] 0} {EntryNormal 5 7 [] {} [] 0} {EntryNormal 6 8 [] {} [] 0} {EntryNormal 6 9 [] {} [] 0} {EntryNormal 6 10 [] {} [] 0} {EntryNormal 9 11 [] {} [] 0}][0m
2022/04/15 22:34:24 log.go:168: [0;37m[info] ents before append [{EntryNormal 9 12 [] {} [] 0}][0m
2022/04/15 22:34:24 log.go:182: [0;37m[info] truncateAndAppend case 1[0m
2022/04/15 22:34:24 raft.go:610: [0;37m[info] 2 [Term: 9, matchIndex: 12] accepted msgApp [logterm: 9, index: 11] from 1[0m
2022/04/15 22:34:24 raft.go:368: [0;37m[info] m.term 9[0m
2022/04/15 22:34:24 log.go:283: [0;37m[info] commit to 12[0m
2022/04/15 22:34:24 raft.go:244: [0;37m[info] 1 [term: 9, commit: 12, LastIndex: 12] send replication messages[PreIndex: 12, LogTerm: 9, entries []] to 2[0m
2022/04/15 22:34:24 log.go:135: [0;37m[info] l.entries [{EntryNormal 1 1 [] {} [] 0} {EntryNormal 1 2 [] {} [] 0} {EntryNormal 1 3 [] {} [] 0} {EntryNormal 4 4 [] {} [] 0} {EntryNormal 4 5 [] {} [] 0} {EntryNormal 5 6 [] {} [] 0} {EntryNormal 5 7 [] {} [] 0} {EntryNormal 6 8 [] {} [] 0} {EntryNormal 6 9 [] {} [] 0} {EntryNormal 6 10 [] {} [] 0} {EntryNormal 9 11 [] {} [] 0} {EntryNormal 9 12 [] {} [] 0}], [11, 13)[0m
2022/04/15 22:34:24 log.go:215: [0;37m[info] entries [11, 13), [{EntryNormal 9 11 [] {} [] 0} {EntryNormal 9 12 [] {} [] 0}][0m
2022/04/15 22:34:24 raft.go:244: [0;37m[info] 1 [term: 9, commit: 12, LastIndex: 12] send replication messages[PreIndex: 10, LogTerm: 6, entries [term:9 index:11  term:9 index:12 ]] to 3[0m
2022/04/15 22:34:24 raft.go:470: [0;37m[info] 1 received msgApp agreement(matchIndex: 12) from 2 for index 11 ,and update committed from 11 to 12[0m
2022/04/15 22:34:24 raft.go:368: [0;37m[info] m.term 9[0m
2022/04/15 22:34:24 raft.go:522: [0;37m[info] follower append entries [] at term 9[0m
2022/04/15 22:34:24 raft.go:608: [0;37m[info] handle append entries: [][0m
2022/04/15 22:34:24 log.go:312: [0;37m[info] match firstIndex 0[0m
2022/04/15 22:34:24 log.go:283: [0;37m[info] commit to 12[0m
2022/04/15 22:34:24 raft.go:610: [0;37m[info] 2 [Term: 9, matchIndex: 12] accepted msgApp [logterm: 9, index: 12] from 1[0m
2022/04/15 22:34:24 raft.go:368: [0;37m[info] m.term 9[0m
2022/04/15 22:34:24 raft.go:470: [0;37m[info] 1 received msgApp agreement(matchIndex: 12) from 2 for index 12 ,and update committed from 12 to 12[0m
2022/04/15 22:34:24 raft.go:330: [0;37m[info] 1 became follower at term 0[0m
2022/04/15 22:34:24 raft.go:212: [0;37m[info] newRaft 1 [peers: [], term: 0 ][0m
2022/04/15 22:34:24 raft.go:330: [0;37m[info] 2 became follower at term 0[0m
2022/04/15 22:34:24 raft.go:212: [0;37m[info] newRaft 2 [peers: [], term: 0 ][0m
2022/04/15 22:34:24 raft.go:368: [0;37m[info] m.term 0[0m
2022/04/15 22:34:24 raft.go:343: [0;37m[info] 1 became candidate at term 9[0m
2022/04/15 22:34:24 raft.go:696: [0;37m[info] 1 received MsgRequestVote from 1 at term 9[0m
2022/04/15 22:34:24 raft.go:550: [0;37m[info] 1 [logterm: 6, index 10] sent MsgRequestVote request to 2 at Term 9[0m
2022/04/15 22:34:24 raft.go:550: [0;37m[info] 1 [logterm: 6, index 10] sent MsgRequestVote request to 3 at Term 9[0m
2022/04/15 22:34:24 raft.go:368: [0;37m[info] m.term 9[0m
2022/04/15 22:34:24 raft.go:375: [0;37m[info] 2 [term: 7] received a MsgRequestVote message with higher term from 1 [term: 9][0m
2022/04/15 22:34:24 raft.go:330: [0;37m[info] 2 became follower at term 9[0m
2022/04/15 22:34:24 raft.go:402: [0;37m[info] 2 [logterm: 7, index: 12, vote: 0] rejected MsgRequestVote for 1 [logterm: 6, index: 10] at term 9[0m
2022/04/15 22:34:24 raft.go:368: [0;37m[info] m.term 9[0m
2022/04/15 22:34:24 raft.go:698: [0;37m[info] 1 received MsgRequestVoteResponse rejection from 2 at term 9[0m
2022/04/15 22:34:24 raft.go:486: [0;37m[info] 1 [quorum:2] has reveived 1 votes and 1 vote rejections[0m
2022/04/15 22:34:24 raft.go:368: [0;37m[info] m.term 9[0m
2022/04/15 22:34:24 raft.go:696: [0;37m[info] 1 received MsgRequestVoteResponse from 3 at term 9[0m
2022/04/15 22:34:24 raft.go:486: [0;37m[info] 1 [quorum:2] has reveived 2 votes and 1 vote rejections[0m
2022/04/15 22:34:24 log.go:167: [0;37m[info] l.entries before append [{EntryNormal 1 1 [] {} [] 0} {EntryNormal 1 2 [] {} [] 0} {EntryNormal 1 3 [] {} [] 0} {EntryNormal 4 4 [] {} [] 0} {EntryNormal 4 5 [] {} [] 0} {EntryNormal 5 6 [] {} [] 0} {EntryNormal 5 7 [] {} [] 0} {EntryNormal 6 8 [] {} [] 0} {EntryNormal 6 9 [] {} [] 0} {EntryNormal 6 10 [] {} [] 0}][0m
2022/04/15 22:34:24 log.go:168: [0;37m[info] ents before append [{EntryNormal 9 11 [] {} [] 0}][0m
2022/04/15 22:34:24 log.go:182: [0;37m[info] truncateAndAppend case 1[0m
2022/04/15 22:34:24 raft.go:361: [0;37m[info] 1 became leader at term 9, l.entries [{EntryNormal 1 1 [] {} [] 0} {EntryNormal 1 2 [] {} [] 0} {EntryNormal 1 3 [] {} [] 0} {EntryNormal 4 4 [] {} [] 0} {EntryNormal 4 5 [] {} [] 0} {EntryNormal 5 6 [] {} [] 0} {EntryNormal 5 7 [] {} [] 0} {EntryNormal 6 8 [] {} [] 0} {EntryNormal 6 9 [] {} [] 0} {EntryNormal 6 10 [] {} [] 0} {EntryNormal 9 11 [] {} [] 0}][0m
2022/04/15 22:34:24 log.go:135: [0;37m[info] l.entries [{EntryNormal 1 1 [] {} [] 0} {EntryNormal 1 2 [] {} [] 0} {EntryNormal 1 3 [] {} [] 0} {EntryNormal 4 4 [] {} [] 0} {EntryNormal 4 5 [] {} [] 0} {EntryNormal 5 6 [] {} [] 0} {EntryNormal 5 7 [] {} [] 0} {EntryNormal 6 8 [] {} [] 0} {EntryNormal 6 9 [] {} [] 0} {EntryNormal 6 10 [] {} [] 0} {EntryNormal 9 11 [] {} [] 0}], [11, 12)[0m
2022/04/15 22:34:24 log.go:215: [0;37m[info] entries [11, 12), [{EntryNormal 9 11 [] {} [] 0}][0m
2022/04/15 22:34:24 raft.go:244: [0;37m[info] 1 [term: 9, commit: 10, LastIndex: 11] send replication messages[PreIndex: 10, LogTerm: 6, entries [term:9 index:11 ]] to 2[0m
2022/04/15 22:34:24 log.go:135: [0;37m[info] l.entries [{EntryNormal 1 1 [] {} [] 0} {EntryNormal 1 2 [] {} [] 0} {EntryNormal 1 3 [] {} [] 0} {EntryNormal 4 4 [] {} [] 0} {EntryNormal 4 5 [] {} [] 0} {EntryNormal 5 6 [] {} [] 0} {EntryNormal 5 7 [] {} [] 0} {EntryNormal 6 8 [] {} [] 0} {EntryNormal 6 9 [] {} [] 0} {EntryNormal 6 10 [] {} [] 0} {EntryNormal 9 11 [] {} [] 0}], [11, 12)[0m
2022/04/15 22:34:24 log.go:215: [0;37m[info] entries [11, 12), [{EntryNormal 9 11 [] {} [] 0}][0m
2022/04/15 22:34:24 raft.go:244: [0;37m[info] 1 [term: 9, commit: 10, LastIndex: 11] send replication messages[PreIndex: 10, LogTerm: 6, entries [term:9 index:11 ]] to 3[0m
2022/04/15 22:34:24 raft.go:368: [0;37m[info] m.term 9[0m
2022/04/15 22:34:24 raft.go:522: [0;37m[info] follower append entries [term:9 index:11 ] at term 9[0m
2022/04/15 22:34:24 raft.go:608: [0;37m[info] handle append entries: [term:9 index:11 ][0m
2022/04/15 22:34:24 log.go:368: [0;37m[info] found conflict at index 11 [existing term: 7, conflicting term: 9][0m
2022/04/15 22:34:24 log.go:312: [0;37m[info] match firstIndex 11[0m
2022/04/15 22:34:24 log.go:167: [0;37m[info] l.entries before append [{EntryNormal 1 1 [] {} [] 0} {EntryNormal 1 2 [] {} [] 0} {EntryNormal 1 3 [] {} [] 0} {EntryNormal 4 4 [] {} [] 0} {EntryNormal 4 5 [] {} [] 0} {EntryNormal 5 6 [] {} [] 0} {EntryNormal 5 7 [] {} [] 0} {EntryNormal 6 8 [] {} [] 0} {EntryNormal 6 9 [] {} [] 0} {EntryNormal 6 10 [] {} [] 0} {EntryNormal 7 11 [] {} [] 0} {EntryNormal 7 12 [] {} [] 0}][0m
2022/04/15 22:34:24 log.go:168: [0;37m[info] ents before append [{EntryNormal 9 11 [] {} [] 0}][0m
2022/04/15 22:34:24 log.go:185: [0;37m[info] truncateAndAppend case 2, start 11, end 11, lastIndex 12[0m
2022/04/15 22:34:24 log.go:187: [0;37m[info] before1 entries [{EntryType:EntryNormal Term:1 Index:1 Data:[] XXX_NoUnkeyedLiteral:{} XXX_unrecognized:[] XXX_sizecache:0} {EntryType:EntryNormal Term:1 Index:2 Data:[] XXX_NoUnkeyedLiteral:{} XXX_unrecognized:[] XXX_sizecache:0} {EntryType:EntryNormal Term:1 Index:3 Data:[] XXX_NoUnkeyedLiteral:{} XXX_unrecognized:[] XXX_sizecache:0} {EntryType:EntryNormal Term:4 Index:4 Data:[] XXX_NoUnkeyedLiteral:{} XXX_unrecognized:[] XXX_sizecache:0} {EntryType:EntryNormal Term:4 Index:5 Data:[] XXX_NoUnkeyedLiteral:{} XXX_unrecognized:[] XXX_sizecache:0} {EntryType:EntryNormal Term:5 Index:6 Data:[] XXX_NoUnkeyedLiteral:{} XXX_unrecognized:[] XXX_sizecache:0} {EntryType:EntryNormal Term:5 Index:7 Data:[] XXX_NoUnkeyedLiteral:{} XXX_unrecognized:[] XXX_sizecache:0} {EntryType:EntryNormal Term:6 Index:8 Data:[] XXX_NoUnkeyedLiteral:{} XXX_unrecognized:[] XXX_sizecache:0} {EntryType:EntryNormal Term:6 Index:9 Data:[] XXX_NoUnkeyedLiteral:{} XXX_unrecognized:[] XXX_sizecache:0} {EntryType:EntryNormal Term:6 Index:10 Data:[] XXX_NoUnkeyedLiteral:{} XXX_unrecognized:[] XXX_sizecache:0} {EntryType:EntryNormal Term:7 Index:11 Data:[] XXX_NoUnkeyedLiteral:{} XXX_unrecognized:[] XXX_sizecache:0} {EntryType:EntryNormal Term:7 Index:12 Data:[] XXX_NoUnkeyedLiteral:{} XXX_unrecognized:[] XXX_sizecache:0}][0m
2022/04/15 22:34:24 log.go:188: [0;37m[info] before1 ents [{EntryType:EntryNormal Term:9 Index:11 Data:[] XXX_NoUnkeyedLiteral:{} XXX_unrecognized:[] XXX_sizecache:0}][0m
2022/04/15 22:34:24 log.go:215: [0;37m[info] entries [1, 11), [{EntryNormal 1 1 [] {} [] 0} {EntryNormal 1 2 [] {} [] 0} {EntryNormal 1 3 [] {} [] 0} {EntryNormal 4 4 [] {} [] 0} {EntryNormal 4 5 [] {} [] 0} {EntryNormal 5 6 [] {} [] 0} {EntryNormal 5 7 [] {} [] 0} {EntryNormal 6 8 [] {} [] 0} {EntryNormal 6 9 [] {} [] 0} {EntryNormal 6 10 [] {} [] 0}][0m
2022/04/15 22:34:24 log.go:195: [0;37m[info] after entries [{EntryNormal 1 1 [] {} [] 0} {EntryNormal 1 2 [] {} [] 0} {EntryNormal 1 3 [] {} [] 0} {EntryNormal 4 4 [] {} [] 0} {EntryNormal 4 5 [] {} [] 0} {EntryNormal 5 6 [] {} [] 0} {EntryNormal 5 7 [] {} [] 0} {EntryNormal 6 8 [] {} [] 0} {EntryNormal 6 9 [] {} [] 0} {EntryNormal 6 10 [] {} [] 0} {EntryNormal 9 11 [] {} [] 0}][0m
2022/04/15 22:34:24 log.go:283: [0;37m[info] commit to 10[0m
2022/04/15 22:34:24 raft.go:610: [0;37m[info] 2 [Term: 9, matchIndex: 11] accepted msgApp [logterm: 6, index: 10] from 1[0m
2022/04/15 22:34:24 raft.go:368: [0;37m[info] m.term 9[0m
2022/04/15 22:34:24 log.go:283: [0;37m[info] commit to 11[0m
2022/04/15 22:34:24 raft.go:244: [0;37m[info] 1 [term: 9, commit: 11, LastIndex: 11] send replication messages[PreIndex: 11, LogTerm: 9, entries []] to 2[0m
2022/04/15 22:34:24 log.go:135: [0;37m[info] l.entries [{EntryNormal 1 1 [] {} [] 0} {EntryNormal 1 2 [] {} [] 0} {EntryNormal 1 3 [] {} [] 0} {EntryNormal 4 4 [] {} [] 0} {EntryNormal 4 5 [] {} [] 0} {EntryNormal 5 6 [] {} [] 0} {EntryNormal 5 7 [] {} [] 0} {EntryNormal 6 8 [] {} [] 0} {EntryNormal 6 9 [] {} [] 0} {EntryNormal 6 10 [] {} [] 0} {EntryNormal 9 11 [] {} [] 0}], [11, 12)[0m
2022/04/15 22:34:24 log.go:215: [0;37m[info] entries [11, 12), [{EntryNormal 9 11 [] {} [] 0}][0m
2022/04/15 22:34:24 raft.go:244: [0;37m[info] 1 [term: 9, commit: 11, LastIndex: 11] send replication messages[PreIndex: 10, LogTerm: 6, entries [term:9 index:11 ]] to 3[0m
2022/04/15 22:34:24 raft.go:470: [0;37m[info] 1 received msgApp agreement(matchIndex: 11) from 2 for index 10 ,and update committed from 10 to 11[0m
2022/04/15 22:34:24 raft.go:368: [0;37m[info] m.term 9[0m
2022/04/15 22:34:24 raft.go:522: [0;37m[info] follower append entries [] at term 9[0m
2022/04/15 22:34:24 raft.go:608: [0;37m[info] handle append entries: [][0m
2022/04/15 22:34:24 log.go:312: [0;37m[info] match firstIndex 0[0m
2022/04/15 22:34:24 log.go:283: [0;37m[info] commit to 11[0m
2022/04/15 22:34:24 raft.go:610: [0;37m[info] 2 [Term: 9, matchIndex: 11] accepted msgApp [logterm: 9, index: 11] from 1[0m
2022/04/15 22:34:24 raft.go:368: [0;37m[info] m.term 9[0m
2022/04/15 22:34:24 raft.go:470: [0;37m[info] 1 received msgApp agreement(matchIndex: 11) from 2 for index 11 ,and update committed from 11 to 11[0m
2022/04/15 22:34:24 raft.go:368: [0;37m[info] m.term 0[0m
2022/04/15 22:34:24 log.go:167: [0;37m[info] l.entries before append [{EntryNormal 1 1 [] {} [] 0} {EntryNormal 1 2 [] {} [] 0} {EntryNormal 1 3 [] {} [] 0} {EntryNormal 4 4 [] {} [] 0} {EntryNormal 4 5 [] {} [] 0} {EntryNormal 5 6 [] {} [] 0} {EntryNormal 5 7 [] {} [] 0} {EntryNormal 6 8 [] {} [] 0} {EntryNormal 6 9 [] {} [] 0} {EntryNormal 6 10 [] {} [] 0} {EntryNormal 9 11 [] {} [] 0}][0m
2022/04/15 22:34:24 log.go:168: [0;37m[info] ents before append [{EntryNormal 9 12 [] {} [] 0}][0m
2022/04/15 22:34:24 log.go:182: [0;37m[info] truncateAndAppend case 1[0m
2022/04/15 22:34:24 log.go:135: [0;37m[info] l.entries [{EntryNormal 1 1 [] {} [] 0} {EntryNormal 1 2 [] {} [] 0} {EntryNormal 1 3 [] {} [] 0} {EntryNormal 4 4 [] {} [] 0} {EntryNormal 4 5 [] {} [] 0} {EntryNormal 5 6 [] {} [] 0} {EntryNormal 5 7 [] {} [] 0} {EntryNormal 6 8 [] {} [] 0} {EntryNormal 6 9 [] {} [] 0} {EntryNormal 6 10 [] {} [] 0} {EntryNormal 9 11 [] {} [] 0} {EntryNormal 9 12 [] {} [] 0}], [11, 13)[0m
2022/04/15 22:34:24 log.go:215: [0;37m[info] entries [11, 13), [{EntryNormal 9 11 [] {} [] 0} {EntryNormal 9 12 [] {} [] 0}][0m
2022/04/15 22:34:24 raft.go:244: [0;37m[info] 1 [term: 9, commit: 11, LastIndex: 12] send replication messages[PreIndex: 10, LogTerm: 6, entries [term:9 index:11  term:9 index:12 ]] to 3[0m
2022/04/15 22:34:24 log.go:135: [0;37m[info] l.entries [{EntryNormal 1 1 [] {} [] 0} {EntryNormal 1 2 [] {} [] 0} {EntryNormal 1 3 [] {} [] 0} {EntryNormal 4 4 [] {} [] 0} {EntryNormal 4 5 [] {} [] 0} {EntryNormal 5 6 [] {} [] 0} {EntryNormal 5 7 [] {} [] 0} {EntryNormal 6 8 [] {} [] 0} {EntryNormal 6 9 [] {} [] 0} {EntryNormal 6 10 [] {} [] 0} {EntryNormal 9 11 [] {} [] 0} {EntryNormal 9 12 [] {} [] 0}], [12, 13)[0m
2022/04/15 22:34:24 log.go:215: [0;37m[info] entries [12, 13), [{EntryNormal 9 12 [] {} [] 0}][0m
2022/04/15 22:34:24 raft.go:244: [0;37m[info] 1 [term: 9, commit: 11, LastIndex: 12] send replication messages[PreIndex: 11, LogTerm: 9, entries [term:9 index:12 ]] to 2[0m
2022/04/15 22:34:24 raft.go:368: [0;37m[info] m.term 9[0m
2022/04/15 22:34:24 raft.go:522: [0;37m[info] follower append entries [term:9 index:12 ] at term 9[0m
2022/04/15 22:34:24 raft.go:608: [0;37m[info] handle append entries: [term:9 index:12 ][0m
2022/04/15 22:34:24 log.go:312: [0;37m[info] match firstIndex 12[0m
2022/04/15 22:34:24 log.go:167: [0;37m[info] l.entries before append [{EntryNormal 1 1 [] {} [] 0} {EntryNormal 1 2 [] {} [] 0} {EntryNormal 1 3 [] {} [] 0} {EntryNormal 4 4 [] {} [] 0} {EntryNormal 4 5 [] {} [] 0} {EntryNormal 5 6 [] {} [] 0} {EntryNormal 5 7 [] {} [] 0} {EntryNormal 6 8 [] {} [] 0} {EntryNormal 6 9 [] {} [] 0} {EntryNormal 6 10 [] {} [] 0} {EntryNormal 9 11 [] {} [] 0}][0m
2022/04/15 22:34:24 log.go:168: [0;37m[info] ents before append [{EntryNormal 9 12 [] {} [] 0}][0m
2022/04/15 22:34:24 log.go:182: [0;37m[info] truncateAndAppend case 1[0m
2022/04/15 22:34:24 raft.go:610: [0;37m[info] 2 [Term: 9, matchIndex: 12] accepted msgApp [logterm: 9, index: 11] from 1[0m
2022/04/15 22:34:24 raft.go:368: [0;37m[info] m.term 9[0m
2022/04/15 22:34:24 log.go:283: [0;37m[info] commit to 12[0m
2022/04/15 22:34:24 raft.go:244: [0;37m[info] 1 [term: 9, commit: 12, LastIndex: 12] send replication messages[PreIndex: 12, LogTerm: 9, entries []] to 2[0m
2022/04/15 22:34:24 log.go:135: [0;37m[info] l.entries [{EntryNormal 1 1 [] {} [] 0} {EntryNormal 1 2 [] {} [] 0} {EntryNormal 1 3 [] {} [] 0} {EntryNormal 4 4 [] {} [] 0} {EntryNormal 4 5 [] {} [] 0} {EntryNormal 5 6 [] {} [] 0} {EntryNormal 5 7 [] {} [] 0} {EntryNormal 6 8 [] {} [] 0} {EntryNormal 6 9 [] {} [] 0} {EntryNormal 6 10 [] {} [] 0} {EntryNormal 9 11 [] {} [] 0} {EntryNormal 9 12 [] {} [] 0}], [11, 13)[0m
2022/04/15 22:34:24 log.go:215: [0;37m[info] entries [11, 13), [{EntryNormal 9 11 [] {} [] 0} {EntryNormal 9 12 [] {} [] 0}][0m
2022/04/15 22:34:24 raft.go:244: [0;37m[info] 1 [term: 9, commit: 12, LastIndex: 12] send replication messages[PreIndex: 10, LogTerm: 6, entries [term:9 index:11  term:9 index:12 ]] to 3[0m
2022/04/15 22:34:24 raft.go:470: [0;37m[info] 1 received msgApp agreement(matchIndex: 12) from 2 for index 11 ,and update committed from 11 to 12[0m
2022/04/15 22:34:24 raft.go:368: [0;37m[info] m.term 9[0m
2022/04/15 22:34:24 raft.go:522: [0;37m[info] follower append entries [] at term 9[0m
2022/04/15 22:34:24 raft.go:608: [0;37m[info] handle append entries: [][0m
2022/04/15 22:34:24 log.go:312: [0;37m[info] match firstIndex 0[0m
2022/04/15 22:34:24 log.go:283: [0;37m[info] commit to 12[0m
2022/04/15 22:34:24 raft.go:610: [0;37m[info] 2 [Term: 9, matchIndex: 12] accepted msgApp [logterm: 9, index: 12] from 1[0m
2022/04/15 22:34:24 raft.go:368: [0;37m[info] m.term 9[0m
2022/04/15 22:34:24 raft.go:470: [0;37m[info] 1 received msgApp agreement(matchIndex: 12) from 2 for index 12 ,and update committed from 12 to 12[0m
2022/04/15 22:34:24 raft.go:330: [0;37m[info] 1 became follower at term 0[0m
2022/04/15 22:34:24 raft.go:212: [0;37m[info] newRaft 1 [peers: [], term: 0 ][0m
2022/04/15 22:34:24 raft.go:330: [0;37m[info] 2 became follower at term 0[0m
2022/04/15 22:34:24 raft.go:212: [0;37m[info] newRaft 2 [peers: [], term: 0 ][0m
2022/04/15 22:34:24 raft.go:368: [0;37m[info] m.term 0[0m
2022/04/15 22:34:24 raft.go:343: [0;37m[info] 1 became candidate at term 9[0m
2022/04/15 22:34:24 raft.go:696: [0;37m[info] 1 received MsgRequestVote from 1 at term 9[0m
2022/04/15 22:34:24 raft.go:550: [0;37m[info] 1 [logterm: 6, index 10] sent MsgRequestVote request to 2 at Term 9[0m
2022/04/15 22:34:24 raft.go:550: [0;37m[info] 1 [logterm: 6, index 10] sent MsgRequestVote request to 3 at Term 9[0m
2022/04/15 22:34:24 raft.go:368: [0;37m[info] m.term 9[0m
2022/04/15 22:34:24 raft.go:375: [0;37m[info] 2 [term: 7] received a MsgRequestVote message with higher term from 1 [term: 9][0m
2022/04/15 22:34:24 raft.go:330: [0;37m[info] 2 became follower at term 9[0m
2022/04/15 22:34:24 raft.go:394: [0;37m[info] 2 [logterm: 4, index: 7, vote: 0] cast MsgRequestVote for 1 [logterm: 6, index: 10] at term 9[0m
2022/04/15 22:34:24 raft.go:368: [0;37m[info] m.term 9[0m
2022/04/15 22:34:24 raft.go:696: [0;37m[info] 1 received MsgRequestVoteResponse from 2 at term 9[0m
2022/04/15 22:34:24 raft.go:486: [0;37m[info] 1 [quorum:2] has reveived 2 votes and 0 vote rejections[0m
2022/04/15 22:34:24 log.go:167: [0;37m[info] l.entries before append [{EntryNormal 1 1 [] {} [] 0} {EntryNormal 1 2 [] {} [] 0} {EntryNormal 1 3 [] {} [] 0} {EntryNormal 4 4 [] {} [] 0} {EntryNormal 4 5 [] {} [] 0} {EntryNormal 5 6 [] {} [] 0} {EntryNormal 5 7 [] {} [] 0} {EntryNormal 6 8 [] {} [] 0} {EntryNormal 6 9 [] {} [] 0} {EntryNormal 6 10 [] {} [] 0}][0m
2022/04/15 22:34:24 log.go:168: [0;37m[info] ents before append [{EntryNormal 9 11 [] {} [] 0}][0m
2022/04/15 22:34:24 log.go:182: [0;37m[info] truncateAndAppend case 1[0m
2022/04/15 22:34:24 raft.go:361: [0;37m[info] 1 became leader at term 9, l.entries [{EntryNormal 1 1 [] {} [] 0} {EntryNormal 1 2 [] {} [] 0} {EntryNormal 1 3 [] {} [] 0} {EntryNormal 4 4 [] {} [] 0} {EntryNormal 4 5 [] {} [] 0} {EntryNormal 5 6 [] {} [] 0} {EntryNormal 5 7 [] {} [] 0} {EntryNormal 6 8 [] {} [] 0} {EntryNormal 6 9 [] {} [] 0} {EntryNormal 6 10 [] {} [] 0} {EntryNormal 9 11 [] {} [] 0}][0m
2022/04/15 22:34:24 log.go:135: [0;37m[info] l.entries [{EntryNormal 1 1 [] {} [] 0} {EntryNormal 1 2 [] {} [] 0} {EntryNormal 1 3 [] {} [] 0} {EntryNormal 4 4 [] {} [] 0} {EntryNormal 4 5 [] {} [] 0} {EntryNormal 5 6 [] {} [] 0} {EntryNormal 5 7 [] {} [] 0} {EntryNormal 6 8 [] {} [] 0} {EntryNormal 6 9 [] {} [] 0} {EntryNormal 6 10 [] {} [] 0} {EntryNormal 9 11 [] {} [] 0}], [11, 12)[0m
2022/04/15 22:34:24 log.go:215: [0;37m[info] entries [11, 12), [{EntryNormal 9 11 [] {} [] 0}][0m
2022/04/15 22:34:24 raft.go:244: [0;37m[info] 1 [term: 9, commit: 10, LastIndex: 11] send replication messages[PreIndex: 10, LogTerm: 6, entries [term:9 index:11 ]] to 2[0m
2022/04/15 22:34:24 log.go:135: [0;37m[info] l.entries [{EntryNormal 1 1 [] {} [] 0} {EntryNormal 1 2 [] {} [] 0} {EntryNormal 1 3 [] {} [] 0} {EntryNormal 4 4 [] {} [] 0} {EntryNormal 4 5 [] {} [] 0} {EntryNormal 5 6 [] {} [] 0} {EntryNormal 5 7 [] {} [] 0} {EntryNormal 6 8 [] {} [] 0} {EntryNormal 6 9 [] {} [] 0} {EntryNormal 6 10 [] {} [] 0} {EntryNormal 9 11 [] {} [] 0}], [11, 12)[0m
2022/04/15 22:34:24 log.go:215: [0;37m[info] entries [11, 12), [{EntryNormal 9 11 [] {} [] 0}][0m
2022/04/15 22:34:24 raft.go:244: [0;37m[info] 1 [term: 9, commit: 10, LastIndex: 11] send replication messages[PreIndex: 10, LogTerm: 6, entries [term:9 index:11 ]] to 3[0m
2022/04/15 22:34:24 raft.go:368: [0;37m[info] m.term 9[0m
2022/04/15 22:34:24 raft.go:522: [0;37m[info] follower append entries [term:9 index:11 ] at term 9[0m
2022/04/15 22:34:24 raft.go:608: [0;37m[info] handle append entries: [term:9 index:11 ][0m
2022/04/15 22:34:24 raft.go:615: [0;37m[info] 2 [logterm: 0, index: 10] rejected msgApp [logterm: 6, index: 10] from 1[0m
2022/04/15 22:34:24 raft.go:368: [0;37m[info] m.term 9[0m
2022/04/15 22:34:24 raft.go:456: [0;37m[info] 1 received msgApp rejection(lastindex: 7) from 2 for index 10[0m
2022/04/15 22:34:24 raft.go:460: [0;37m[info] 1 decreased progress of 2 to [ match=0 next=8][0m
2022/04/15 22:34:24 log.go:135: [0;37m[info] l.entries [{EntryNormal 1 1 [] {} [] 0} {EntryNormal 1 2 [] {} [] 0} {EntryNormal 1 3 [] {} [] 0} {EntryNormal 4 4 [] {} [] 0} {EntryNormal 4 5 [] {} [] 0} {EntryNormal 5 6 [] {} [] 0} {EntryNormal 5 7 [] {} [] 0} {EntryNormal 6 8 [] {} [] 0} {EntryNormal 6 9 [] {} [] 0} {EntryNormal 6 10 [] {} [] 0} {EntryNormal 9 11 [] {} [] 0}], [8, 12)[0m
2022/04/15 22:34:24 log.go:215: [0;37m[info] entries [8, 12), [{EntryNormal 6 8 [] {} [] 0} {EntryNormal 6 9 [] {} [] 0} {EntryNormal 6 10 [] {} [] 0} {EntryNormal 9 11 [] {} [] 0}][0m
2022/04/15 22:34:24 raft.go:244: [0;37m[info] 1 [term: 9, commit: 10, LastIndex: 11] send replication messages[PreIndex: 7, LogTerm: 5, entries [term:6 index:8  term:6 index:9  term:6 index:10  term:9 index:11 ]] to 2[0m
2022/04/15 22:34:24 raft.go:368: [0;37m[info] m.term 9[0m
2022/04/15 22:34:24 raft.go:522: [0;37m[info] follower append entries [term:6 index:8  term:6 index:9  term:6 index:10  term:9 index:11 ] at term 9[0m
2022/04/15 22:34:24 raft.go:608: [0;37m[info] handle append entries: [term:6 index:8  term:6 index:9  term:6 index:10  term:9 index:11 ][0m
2022/04/15 22:34:24 raft.go:615: [0;37m[info] 2 [logterm: 4, index: 7] rejected msgApp [logterm: 5, index: 7] from 1[0m
2022/04/15 22:34:24 raft.go:368: [0;37m[info] m.term 9[0m
2022/04/15 22:34:24 raft.go:456: [0;37m[info] 1 received msgApp rejection(lastindex: 7) from 2 for index 7[0m
2022/04/15 22:34:24 raft.go:460: [0;37m[info] 1 decreased progress of 2 to [ match=0 next=7][0m
2022/04/15 22:34:24 log.go:135: [0;37m[info] l.entries [{EntryNormal 1 1 [] {} [] 0} {EntryNormal 1 2 [] {} [] 0} {EntryNormal 1 3 [] {} [] 0} {EntryNormal 4 4 [] {} [] 0} {EntryNormal 4 5 [] {} [] 0} {EntryNormal 5 6 [] {} [] 0} {EntryNormal 5 7 [] {} [] 0} {EntryNormal 6 8 [] {} [] 0} {EntryNormal 6 9 [] {} [] 0} {EntryNormal 6 10 [] {} [] 0} {EntryNormal 9 11 [] {} [] 0}], [7, 12)[0m
2022/04/15 22:34:24 log.go:215: [0;37m[info] entries [7, 12), [{EntryNormal 5 7 [] {} [] 0} {EntryNormal 6 8 [] {} [] 0} {EntryNormal 6 9 [] {} [] 0} {EntryNormal 6 10 [] {} [] 0} {EntryNormal 9 11 [] {} [] 0}][0m
2022/04/15 22:34:24 raft.go:244: [0;37m[info] 1 [term: 9, commit: 10, LastIndex: 11] send replication messages[PreIndex: 6, LogTerm: 5, entries [term:5 index:7  term:6 index:8  term:6 index:9  term:6 index:10  term:9 index:11 ]] to 2[0m
2022/04/15 22:34:24 raft.go:368: [0;37m[info] m.term 9[0m
2022/04/15 22:34:24 raft.go:522: [0;37m[info] follower append entries [term:5 index:7  term:6 index:8  term:6 index:9  term:6 index:10  term:9 index:11 ] at term 9[0m
2022/04/15 22:34:24 raft.go:608: [0;37m[info] handle append entries: [term:5 index:7  term:6 index:8  term:6 index:9  term:6 index:10  term:9 index:11 ][0m
2022/04/15 22:34:24 raft.go:615: [0;37m[info] 2 [logterm: 4, index: 6] rejected msgApp [logterm: 5, index: 6] from 1[0m
2022/04/15 22:34:24 raft.go:368: [0;37m[info] m.term 9[0m
2022/04/15 22:34:24 raft.go:456: [0;37m[info] 1 received msgApp rejection(lastindex: 7) from 2 for index 6[0m
2022/04/15 22:34:24 raft.go:460: [0;37m[info] 1 decreased progress of 2 to [ match=0 next=6][0m
2022/04/15 22:34:24 log.go:135: [0;37m[info] l.entries [{EntryNormal 1 1 [] {} [] 0} {EntryNormal 1 2 [] {} [] 0} {EntryNormal 1 3 [] {} [] 0} {EntryNormal 4 4 [] {} [] 0} {EntryNormal 4 5 [] {} [] 0} {EntryNormal 5 6 [] {} [] 0} {EntryNormal 5 7 [] {} [] 0} {EntryNormal 6 8 [] {} [] 0} {EntryNormal 6 9 [] {} [] 0} {EntryNormal 6 10 [] {} [] 0} {EntryNormal 9 11 [] {} [] 0}], [6, 12)[0m
2022/04/15 22:34:24 log.go:215: [0;37m[info] entries [6, 12), [{EntryNormal 5 6 [] {} [] 0} {EntryNormal 5 7 [] {} [] 0} {EntryNormal 6 8 [] {} [] 0} {EntryNormal 6 9 [] {} [] 0} {EntryNormal 6 10 [] {} [] 0} {EntryNormal 9 11 [] {} [] 0}][0m
2022/04/15 22:34:24 raft.go:244: [0;37m[info] 1 [term: 9, commit: 10, LastIndex: 11] send replication messages[PreIndex: 5, LogTerm: 4, entries [term:5 index:6  term:5 index:7  term:6 index:8  term:6 index:9  term:6 index:10  term:9 index:11 ]] to 2[0m
2022/04/15 22:34:24 raft.go:368: [0;37m[info] m.term 9[0m
2022/04/15 22:34:24 raft.go:522: [0;37m[info] follower append entries [term:5 index:6  term:5 index:7  term:6 index:8  term:6 index:9  term:6 index:10  term:9 index:11 ] at term 9[0m
2022/04/15 22:34:24 raft.go:608: [0;37m[info] handle append entries: [term:5 index:6  term:5 index:7  term:6 index:8  term:6 index:9  term:6 index:10  term:9 index:11 ][0m
2022/04/15 22:34:24 log.go:368: [0;37m[info] found conflict at index 6 [existing term: 4, conflicting term: 5][0m
2022/04/15 22:34:24 log.go:312: [0;37m[info] match firstIndex 6[0m
2022/04/15 22:34:24 log.go:167: [0;37m[info] l.entries before append [{EntryNormal 1 1 [] {} [] 0} {EntryNormal 1 2 [] {} [] 0} {EntryNormal 1 3 [] {} [] 0} {EntryNormal 4 4 [] {} [] 0} {EntryNormal 4 5 [] {} [] 0} {EntryNormal 4 6 [] {} [] 0} {EntryNormal 4 7 [] {} [] 0}][0m
2022/04/15 22:34:24 log.go:168: [0;37m[info] ents before append [{EntryNormal 5 6 [] {} [] 0} {EntryNormal 5 7 [] {} [] 0} {EntryNormal 6 8 [] {} [] 0} {EntryNormal 6 9 [] {} [] 0} {EntryNormal 6 10 [] {} [] 0} {EntryNormal 9 11 [] {} [] 0}][0m
2022/04/15 22:34:24 log.go:197: [0;37m[info] truncateAndAppend case 3: start 6, end 11[0m
2022/04/15 22:34:24 log.go:215: [0;37m[info] entries [1, 6), [{EntryNormal 1 1 [] {} [] 0} {EntryNormal 1 2 [] {} [] 0} {EntryNormal 1 3 [] {} [] 0} {EntryNormal 4 4 [] {} [] 0} {EntryNormal 4 5 [] {} [] 0}][0m
2022/04/15 22:34:24 log.go:283: [0;37m[info] commit to 10[0m
2022/04/15 22:34:24 raft.go:610: [0;37m[info] 2 [Term: 9, matchIndex: 11] accepted msgApp [logterm: 4, index: 5] from 1[0m
2022/04/15 22:34:24 raft.go:368: [0;37m[info] m.term 9[0m
2022/04/15 22:34:24 log.go:283: [0;37m[info] commit to 11[0m
2022/04/15 22:34:24 log.go:135: [0;37m[info] l.entries [{EntryNormal 1 1 [] {} [] 0} {EntryNormal 1 2 [] {} [] 0} {EntryNormal 1 3 [] {} [] 0} {EntryNormal 4 4 [] {} [] 0} {EntryNormal 4 5 [] {} [] 0} {EntryNormal 5 6 [] {} [] 0} {EntryNormal 5 7 [] {} [] 0} {EntryNormal 6 8 [] {} [] 0} {EntryNormal 6 9 [] {} [] 0} {EntryNormal 6 10 [] {} [] 0} {EntryNormal 9 11 [] {} [] 0}], [11, 12)[0m
2022/04/15 22:34:24 log.go:215: [0;37m[info] entries [11, 12), [{EntryNormal 9 11 [] {} [] 0}][0m
2022/04/15 22:34:24 raft.go:244: [0;37m[info] 1 [term: 9, commit: 11, LastIndex: 11] send replication messages[PreIndex: 10, LogTerm: 6, entries [term:9 index:11 ]] to 3[0m
2022/04/15 22:34:24 raft.go:244: [0;37m[info] 1 [term: 9, commit: 11, LastIndex: 11] send replication messages[PreIndex: 11, LogTerm: 9, entries []] to 2[0m
2022/04/15 22:34:24 raft.go:470: [0;37m[info] 1 received msgApp agreement(matchIndex: 11) from 2 for index 5 ,and update committed from 10 to 11[0m
2022/04/15 22:34:24 raft.go:368: [0;37m[info] m.term 9[0m
2022/04/15 22:34:24 raft.go:522: [0;37m[info] follower append entries [] at term 9[0m
2022/04/15 22:34:24 raft.go:608: [0;37m[info] handle append entries: [][0m
2022/04/15 22:34:24 log.go:312: [0;37m[info] match firstIndex 0[0m
2022/04/15 22:34:24 log.go:283: [0;37m[info] commit to 11[0m
2022/04/15 22:34:24 raft.go:610: [0;37m[info] 2 [Term: 9, matchIndex: 11] accepted msgApp [logterm: 9, index: 11] from 1[0m
2022/04/15 22:34:24 raft.go:368: [0;37m[info] m.term 9[0m
2022/04/15 22:34:24 raft.go:470: [0;37m[info] 1 received msgApp agreement(matchIndex: 11) from 2 for index 11 ,and update committed from 11 to 11[0m
2022/04/15 22:34:24 raft.go:368: [0;37m[info] m.term 9[0m
2022/04/15 22:34:24 raft.go:368: [0;37m[info] m.term 0[0m
2022/04/15 22:34:24 log.go:167: [0;37m[info] l.entries before append [{EntryNormal 1 1 [] {} [] 0} {EntryNormal 1 2 [] {} [] 0} {EntryNormal 1 3 [] {} [] 0} {EntryNormal 4 4 [] {} [] 0} {EntryNormal 4 5 [] {} [] 0} {EntryNormal 5 6 [] {} [] 0} {EntryNormal 5 7 [] {} [] 0} {EntryNormal 6 8 [] {} [] 0} {EntryNormal 6 9 [] {} [] 0} {EntryNormal 6 10 [] {} [] 0} {EntryNormal 9 11 [] {} [] 0}][0m
2022/04/15 22:34:24 log.go:168: [0;37m[info] ents before append [{EntryNormal 9 12 [] {} [] 0}][0m
2022/04/15 22:34:24 log.go:182: [0;37m[info] truncateAndAppend case 1[0m
2022/04/15 22:34:24 log.go:135: [0;37m[info] l.entries [{EntryNormal 1 1 [] {} [] 0} {EntryNormal 1 2 [] {} [] 0} {EntryNormal 1 3 [] {} [] 0} {EntryNormal 4 4 [] {} [] 0} {EntryNormal 4 5 [] {} [] 0} {EntryNormal 5 6 [] {} [] 0} {EntryNormal 5 7 [] {} [] 0} {EntryNormal 6 8 [] {} [] 0} {EntryNormal 6 9 [] {} [] 0} {EntryNormal 6 10 [] {} [] 0} {EntryNormal 9 11 [] {} [] 0} {EntryNormal 9 12 [] {} [] 0}], [12, 13)[0m
2022/04/15 22:34:24 log.go:215: [0;37m[info] entries [12, 13), [{EntryNormal 9 12 [] {} [] 0}][0m
2022/04/15 22:34:24 raft.go:244: [0;37m[info] 1 [term: 9, commit: 11, LastIndex: 12] send replication messages[PreIndex: 11, LogTerm: 9, entries [term:9 index:12 ]] to 2[0m
2022/04/15 22:34:24 log.go:135: [0;37m[info] l.entries [{EntryNormal 1 1 [] {} [] 0} {EntryNormal 1 2 [] {} [] 0} {EntryNormal 1 3 [] {} [] 0} {EntryNormal 4 4 [] {} [] 0} {EntryNormal 4 5 [] {} [] 0} {EntryNormal 5 6 [] {} [] 0} {EntryNormal 5 7 [] {} [] 0} {EntryNormal 6 8 [] {} [] 0} {EntryNormal 6 9 [] {} [] 0} {EntryNormal 6 10 [] {} [] 0} {EntryNormal 9 11 [] {} [] 0} {EntryNormal 9 12 [] {} [] 0}], [11, 13)[0m
2022/04/15 22:34:24 log.go:215: [0;37m[info] entries [11, 13), [{EntryNormal 9 11 [] {} [] 0} {EntryNormal 9 12 [] {} [] 0}][0m
2022/04/15 22:34:24 raft.go:244: [0;37m[info] 1 [term: 9, commit: 11, LastIndex: 12] send replication messages[PreIndex: 10, LogTerm: 6, entries [term:9 index:11  term:9 index:12 ]] to 3[0m
2022/04/15 22:34:24 raft.go:368: [0;37m[info] m.term 9[0m
2022/04/15 22:34:24 raft.go:522: [0;37m[info] follower append entries [term:9 index:12 ] at term 9[0m
2022/04/15 22:34:24 raft.go:608: [0;37m[info] handle append entries: [term:9 index:12 ][0m
2022/04/15 22:34:24 log.go:312: [0;37m[info] match firstIndex 12[0m
2022/04/15 22:34:24 log.go:167: [0;37m[info] l.entries before append [{EntryNormal 1 1 [] {} [] 0} {EntryNormal 1 2 [] {} [] 0} {EntryNormal 1 3 [] {} [] 0} {EntryNormal 4 4 [] {} [] 0} {EntryNormal 4 5 [] {} [] 0} {EntryNormal 5 6 [] {} [] 0} {EntryNormal 5 7 [] {} [] 0} {EntryNormal 6 8 [] {} [] 0} {EntryNormal 6 9 [] {} [] 0} {EntryNormal 6 10 [] {} [] 0} {EntryNormal 9 11 [] {} [] 0}][0m
2022/04/15 22:34:24 log.go:168: [0;37m[info] ents before append [{EntryNormal 9 12 [] {} [] 0}][0m
2022/04/15 22:34:24 log.go:182: [0;37m[info] truncateAndAppend case 1[0m
2022/04/15 22:34:24 raft.go:610: [0;37m[info] 2 [Term: 9, matchIndex: 12] accepted msgApp [logterm: 9, index: 11] from 1[0m
2022/04/15 22:34:24 raft.go:368: [0;37m[info] m.term 9[0m
2022/04/15 22:34:24 log.go:283: [0;37m[info] commit to 12[0m
2022/04/15 22:34:24 raft.go:244: [0;37m[info] 1 [term: 9, commit: 12, LastIndex: 12] send replication messages[PreIndex: 12, LogTerm: 9, entries []] to 2[0m
2022/04/15 22:34:24 log.go:135: [0;37m[info] l.entries [{EntryNormal 1 1 [] {} [] 0} {EntryNormal 1 2 [] {} [] 0} {EntryNormal 1 3 [] {} [] 0} {EntryNormal 4 4 [] {} [] 0} {EntryNormal 4 5 [] {} [] 0} {EntryNormal 5 6 [] {} [] 0} {EntryNormal 5 7 [] {} [] 0} {EntryNormal 6 8 [] {} [] 0} {EntryNormal 6 9 [] {} [] 0} {EntryNormal 6 10 [] {} [] 0} {EntryNormal 9 11 [] {} [] 0} {EntryNormal 9 12 [] {} [] 0}], [11, 13)[0m
2022/04/15 22:34:24 log.go:215: [0;37m[info] entries [11, 13), [{EntryNormal 9 11 [] {} [] 0} {EntryNormal 9 12 [] {} [] 0}][0m
2022/04/15 22:34:24 raft.go:244: [0;37m[info] 1 [term: 9, commit: 12, LastIndex: 12] send replication messages[PreIndex: 10, LogTerm: 6, entries [term:9 index:11  term:9 index:12 ]] to 3[0m
2022/04/15 22:34:24 raft.go:470: [0;37m[info] 1 received msgApp agreement(matchIndex: 12) from 2 for index 11 ,and update committed from 11 to 12[0m
2022/04/15 22:34:24 raft.go:368: [0;37m[info] m.term 9[0m
2022/04/15 22:34:24 raft.go:522: [0;37m[info] follower append entries [] at term 9[0m
2022/04/15 22:34:24 raft.go:608: [0;37m[info] handle append entries: [][0m
2022/04/15 22:34:24 log.go:312: [0;37m[info] match firstIndex 0[0m
2022/04/15 22:34:24 log.go:283: [0;37m[info] commit to 12[0m
2022/04/15 22:34:24 raft.go:610: [0;37m[info] 2 [Term: 9, matchIndex: 12] accepted msgApp [logterm: 9, index: 12] from 1[0m
2022/04/15 22:34:24 raft.go:368: [0;37m[info] m.term 9[0m
2022/04/15 22:34:24 raft.go:470: [0;37m[info] 1 received msgApp agreement(matchIndex: 12) from 2 for index 12 ,and update committed from 12 to 12[0m
2022/04/15 22:34:24 raft.go:330: [0;37m[info] 1 became follower at term 0[0m
2022/04/15 22:34:24 raft.go:212: [0;37m[info] newRaft 1 [peers: [], term: 0 ][0m
2022/04/15 22:34:24 raft.go:330: [0;37m[info] 2 became follower at term 0[0m
2022/04/15 22:34:24 raft.go:212: [0;37m[info] newRaft 2 [peers: [], term: 0 ][0m
2022/04/15 22:34:24 raft.go:368: [0;37m[info] m.term 0[0m
2022/04/15 22:34:24 raft.go:343: [0;37m[info] 1 became candidate at term 9[0m
2022/04/15 22:34:24 raft.go:696: [0;37m[info] 1 received MsgRequestVote from 1 at term 9[0m
2022/04/15 22:34:24 raft.go:550: [0;37m[info] 1 [logterm: 6, index 10] sent MsgRequestVote request to 2 at Term 9[0m
2022/04/15 22:34:24 raft.go:550: [0;37m[info] 1 [logterm: 6, index 10] sent MsgRequestVote request to 3 at Term 9[0m
2022/04/15 22:34:24 raft.go:368: [0;37m[info] m.term 9[0m
2022/04/15 22:34:24 raft.go:375: [0;37m[info] 2 [term: 7] received a MsgRequestVote message with higher term from 1 [term: 9][0m
2022/04/15 22:34:24 raft.go:330: [0;37m[info] 2 became follower at term 9[0m
2022/04/15 22:34:24 raft.go:394: [0;37m[info] 2 [logterm: 3, index: 11, vote: 0] cast MsgRequestVote for 1 [logterm: 6, index: 10] at term 9[0m
2022/04/15 22:34:24 raft.go:368: [0;37m[info] m.term 9[0m
2022/04/15 22:34:24 raft.go:696: [0;37m[info] 1 received MsgRequestVoteResponse from 2 at term 9[0m
2022/04/15 22:34:24 raft.go:486: [0;37m[info] 1 [quorum:2] has reveived 2 votes and 0 vote rejections[0m
2022/04/15 22:34:24 log.go:167: [0;37m[info] l.entries before append [{EntryNormal 1 1 [] {} [] 0} {EntryNormal 1 2 [] {} [] 0} {EntryNormal 1 3 [] {} [] 0} {EntryNormal 4 4 [] {} [] 0} {EntryNormal 4 5 [] {} [] 0} {EntryNormal 5 6 [] {} [] 0} {EntryNormal 5 7 [] {} [] 0} {EntryNormal 6 8 [] {} [] 0} {EntryNormal 6 9 [] {} [] 0} {EntryNormal 6 10 [] {} [] 0}][0m
2022/04/15 22:34:24 log.go:168: [0;37m[info] ents before append [{EntryNormal 9 11 [] {} [] 0}][0m
2022/04/15 22:34:24 log.go:182: [0;37m[info] truncateAndAppend case 1[0m
2022/04/15 22:34:24 raft.go:361: [0;37m[info] 1 became leader at term 9, l.entries [{EntryNormal 1 1 [] {} [] 0} {EntryNormal 1 2 [] {} [] 0} {EntryNormal 1 3 [] {} [] 0} {EntryNormal 4 4 [] {} [] 0} {EntryNormal 4 5 [] {} [] 0} {EntryNormal 5 6 [] {} [] 0} {EntryNormal 5 7 [] {} [] 0} {EntryNormal 6 8 [] {} [] 0} {EntryNormal 6 9 [] {} [] 0} {EntryNormal 6 10 [] {} [] 0} {EntryNormal 9 11 [] {} [] 0}][0m
2022/04/15 22:34:24 log.go:135: [0;37m[info] l.entries [{EntryNormal 1 1 [] {} [] 0} {EntryNormal 1 2 [] {} [] 0} {EntryNormal 1 3 [] {} [] 0} {EntryNormal 4 4 [] {} [] 0} {EntryNormal 4 5 [] {} [] 0} {EntryNormal 5 6 [] {} [] 0} {EntryNormal 5 7 [] {} [] 0} {EntryNormal 6 8 [] {} [] 0} {EntryNormal 6 9 [] {} [] 0} {EntryNormal 6 10 [] {} [] 0} {EntryNormal 9 11 [] {} [] 0}], [11, 12)[0m
2022/04/15 22:34:24 log.go:215: [0;37m[info] entries [11, 12), [{EntryNormal 9 11 [] {} [] 0}][0m
2022/04/15 22:34:24 raft.go:244: [0;37m[info] 1 [term: 9, commit: 10, LastIndex: 11] send replication messages[PreIndex: 10, LogTerm: 6, entries [term:9 index:11 ]] to 2[0m
2022/04/15 22:34:24 log.go:135: [0;37m[info] l.entries [{EntryNormal 1 1 [] {} [] 0} {EntryNormal 1 2 [] {} [] 0} {EntryNormal 1 3 [] {} [] 0} {EntryNormal 4 4 [] {} [] 0} {EntryNormal 4 5 [] {} [] 0} {EntryNormal 5 6 [] {} [] 0} {EntryNormal 5 7 [] {} [] 0} {EntryNormal 6 8 [] {} [] 0} {EntryNormal 6 9 [] {} [] 0} {EntryNormal 6 10 [] {} [] 0} {EntryNormal 9 11 [] {} [] 0}], [11, 12)[0m
2022/04/15 22:34:24 log.go:215: [0;37m[info] entries [11, 12), [{EntryNormal 9 11 [] {} [] 0}][0m
2022/04/15 22:34:24 raft.go:244: [0;37m[info] 1 [term: 9, commit: 10, LastIndex: 11] send replication messages[PreIndex: 10, LogTerm: 6, entries [term:9 index:11 ]] to 3[0m
2022/04/15 22:34:24 raft.go:368: [0;37m[info] m.term 9[0m
2022/04/15 22:34:24 raft.go:522: [0;37m[info] follower append entries [term:9 index:11 ] at term 9[0m
2022/04/15 22:34:24 raft.go:608: [0;37m[info] handle append entries: [term:9 index:11 ][0m
2022/04/15 22:34:24 raft.go:615: [0;37m[info] 2 [logterm: 3, index: 10] rejected msgApp [logterm: 6, index: 10] from 1[0m
2022/04/15 22:34:24 raft.go:368: [0;37m[info] m.term 9[0m
2022/04/15 22:34:24 raft.go:456: [0;37m[info] 1 received msgApp rejection(lastindex: 11) from 2 for index 10[0m
2022/04/15 22:34:24 raft.go:460: [0;37m[info] 1 decreased progress of 2 to [ match=0 next=10][0m
2022/04/15 22:34:24 log.go:135: [0;37m[info] l.entries [{EntryNormal 1 1 [] {} [] 0} {EntryNormal 1 2 [] {} [] 0} {EntryNormal 1 3 [] {} [] 0} {EntryNormal 4 4 [] {} [] 0} {EntryNormal 4 5 [] {} [] 0} {EntryNormal 5 6 [] {} [] 0} {EntryNormal 5 7 [] {} [] 0} {EntryNormal 6 8 [] {} [] 0} {EntryNormal 6 9 [] {} [] 0} {EntryNormal 6 10 [] {} [] 0} {EntryNormal 9 11 [] {} [] 0}], [10, 12)[0m
2022/04/15 22:34:24 log.go:215: [0;37m[info] entries [10, 12), [{EntryNormal 6 10 [] {} [] 0} {EntryNormal 9 11 [] {} [] 0}][0m
2022/04/15 22:34:24 raft.go:244: [0;37m[info] 1 [term: 9, commit: 10, LastIndex: 11] send replication messages[PreIndex: 9, LogTerm: 6, entries [term:6 index:10  term:9 index:11 ]] to 2[0m
2022/04/15 22:34:24 raft.go:368: [0;37m[info] m.term 9[0m
2022/04/15 22:34:24 raft.go:522: [0;37m[info] follower append entries [term:6 index:10  term:9 index:11 ] at term 9[0m
2022/04/15 22:34:24 raft.go:608: [0;37m[info] handle append entries: [term:6 index:10  term:9 index:11 ][0m
2022/04/15 22:34:24 raft.go:615: [0;37m[info] 2 [logterm: 3, index: 9] rejected msgApp [logterm: 6, index: 9] from 1[0m
2022/04/15 22:34:24 raft.go:368: [0;37m[info] m.term 9[0m
2022/04/15 22:34:24 raft.go:456: [0;37m[info] 1 received msgApp rejection(lastindex: 11) from 2 for index 9[0m
2022/04/15 22:34:24 raft.go:460: [0;37m[info] 1 decreased progress of 2 to [ match=0 next=9][0m
2022/04/15 22:34:24 log.go:135: [0;37m[info] l.entries [{EntryNormal 1 1 [] {} [] 0} {EntryNormal 1 2 [] {} [] 0} {EntryNormal 1 3 [] {} [] 0} {EntryNormal 4 4 [] {} [] 0} {EntryNormal 4 5 [] {} [] 0} {EntryNormal 5 6 [] {} [] 0} {EntryNormal 5 7 [] {} [] 0} {EntryNormal 6 8 [] {} [] 0} {EntryNormal 6 9 [] {} [] 0} {EntryNormal 6 10 [] {} [] 0} {EntryNormal 9 11 [] {} [] 0}], [9, 12)[0m
2022/04/15 22:34:24 log.go:215: [0;37m[info] entries [9, 12), [{EntryNormal 6 9 [] {} [] 0} {EntryNormal 6 10 [] {} [] 0} {EntryNormal 9 11 [] {} [] 0}][0m
2022/04/15 22:34:24 raft.go:244: [0;37m[info] 1 [term: 9, commit: 10, LastIndex: 11] send replication messages[PreIndex: 8, LogTerm: 6, entries [term:6 index:9  term:6 index:10  term:9 index:11 ]] to 2[0m
2022/04/15 22:34:24 raft.go:368: [0;37m[info] m.term 9[0m
2022/04/15 22:34:24 raft.go:522: [0;37m[info] follower append entries [term:6 index:9  term:6 index:10  term:9 index:11 ] at term 9[0m
2022/04/15 22:34:24 raft.go:608: [0;37m[info] handle append entries: [term:6 index:9  term:6 index:10  term:9 index:11 ][0m
2022/04/15 22:34:24 raft.go:615: [0;37m[info] 2 [logterm: 3, index: 8] rejected msgApp [logterm: 6, index: 8] from 1[0m
2022/04/15 22:34:24 raft.go:368: [0;37m[info] m.term 9[0m
2022/04/15 22:34:24 raft.go:456: [0;37m[info] 1 received msgApp rejection(lastindex: 11) from 2 for index 8[0m
2022/04/15 22:34:24 raft.go:460: [0;37m[info] 1 decreased progress of 2 to [ match=0 next=8][0m
2022/04/15 22:34:24 log.go:135: [0;37m[info] l.entries [{EntryNormal 1 1 [] {} [] 0} {EntryNormal 1 2 [] {} [] 0} {EntryNormal 1 3 [] {} [] 0} {EntryNormal 4 4 [] {} [] 0} {EntryNormal 4 5 [] {} [] 0} {EntryNormal 5 6 [] {} [] 0} {EntryNormal 5 7 [] {} [] 0} {EntryNormal 6 8 [] {} [] 0} {EntryNormal 6 9 [] {} [] 0} {EntryNormal 6 10 [] {} [] 0} {EntryNormal 9 11 [] {} [] 0}], [8, 12)[0m
2022/04/15 22:34:24 log.go:215: [0;37m[info] entries [8, 12), [{EntryNormal 6 8 [] {} [] 0} {EntryNormal 6 9 [] {} [] 0} {EntryNormal 6 10 [] {} [] 0} {EntryNormal 9 11 [] {} [] 0}][0m
2022/04/15 22:34:24 raft.go:244: [0;37m[info] 1 [term: 9, commit: 10, LastIndex: 11] send replication messages[PreIndex: 7, LogTerm: 5, entries [term:6 index:8  term:6 index:9  term:6 index:10  term:9 index:11 ]] to 2[0m
2022/04/15 22:34:24 raft.go:368: [0;37m[info] m.term 9[0m
2022/04/15 22:34:24 raft.go:522: [0;37m[info] follower append entries [term:6 index:8  term:6 index:9  term:6 index:10  term:9 index:11 ] at term 9[0m
2022/04/15 22:34:24 raft.go:608: [0;37m[info] handle append entries: [term:6 index:8  term:6 index:9  term:6 index:10  term:9 index:11 ][0m
2022/04/15 22:34:24 raft.go:615: [0;37m[info] 2 [logterm: 3, index: 7] rejected msgApp [logterm: 5, index: 7] from 1[0m
2022/04/15 22:34:24 raft.go:368: [0;37m[info] m.term 9[0m
2022/04/15 22:34:24 raft.go:456: [0;37m[info] 1 received msgApp rejection(lastindex: 11) from 2 for index 7[0m
2022/04/15 22:34:24 raft.go:460: [0;37m[info] 1 decreased progress of 2 to [ match=0 next=7][0m
2022/04/15 22:34:24 log.go:135: [0;37m[info] l.entries [{EntryNormal 1 1 [] {} [] 0} {EntryNormal 1 2 [] {} [] 0} {EntryNormal 1 3 [] {} [] 0} {EntryNormal 4 4 [] {} [] 0} {EntryNormal 4 5 [] {} [] 0} {EntryNormal 5 6 [] {} [] 0} {EntryNormal 5 7 [] {} [] 0} {EntryNormal 6 8 [] {} [] 0} {EntryNormal 6 9 [] {} [] 0} {EntryNormal 6 10 [] {} [] 0} {EntryNormal 9 11 [] {} [] 0}], [7, 12)[0m
2022/04/15 22:34:24 log.go:215: [0;37m[info] entries [7, 12), [{EntryNormal 5 7 [] {} [] 0} {EntryNormal 6 8 [] {} [] 0} {EntryNormal 6 9 [] {} [] 0} {EntryNormal 6 10 [] {} [] 0} {EntryNormal 9 11 [] {} [] 0}][0m
2022/04/15 22:34:24 raft.go:244: [0;37m[info] 1 [term: 9, commit: 10, LastIndex: 11] send replication messages[PreIndex: 6, LogTerm: 5, entries [term:5 index:7  term:6 index:8  term:6 index:9  term:6 index:10  term:9 index:11 ]] to 2[0m
2022/04/15 22:34:24 raft.go:368: [0;37m[info] m.term 9[0m
2022/04/15 22:34:24 raft.go:522: [0;37m[info] follower append entries [term:5 index:7  term:6 index:8  term:6 index:9  term:6 index:10  term:9 index:11 ] at term 9[0m
2022/04/15 22:34:24 raft.go:608: [0;37m[info] handle append entries: [term:5 index:7  term:6 index:8  term:6 index:9  term:6 index:10  term:9 index:11 ][0m
2022/04/15 22:34:24 raft.go:615: [0;37m[info] 2 [logterm: 2, index: 6] rejected msgApp [logterm: 5, index: 6] from 1[0m
2022/04/15 22:34:24 raft.go:368: [0;37m[info] m.term 9[0m
2022/04/15 22:34:24 raft.go:456: [0;37m[info] 1 received msgApp rejection(lastindex: 11) from 2 for index 6[0m
2022/04/15 22:34:24 raft.go:460: [0;37m[info] 1 decreased progress of 2 to [ match=0 next=6][0m
2022/04/15 22:34:24 log.go:135: [0;37m[info] l.entries [{EntryNormal 1 1 [] {} [] 0} {EntryNormal 1 2 [] {} [] 0} {EntryNormal 1 3 [] {} [] 0} {EntryNormal 4 4 [] {} [] 0} {EntryNormal 4 5 [] {} [] 0} {EntryNormal 5 6 [] {} [] 0} {EntryNormal 5 7 [] {} [] 0} {EntryNormal 6 8 [] {} [] 0} {EntryNormal 6 9 [] {} [] 0} {EntryNormal 6 10 [] {} [] 0} {EntryNormal 9 11 [] {} [] 0}], [6, 12)[0m
2022/04/15 22:34:24 log.go:215: [0;37m[info] entries [6, 12), [{EntryNormal 5 6 [] {} [] 0} {EntryNormal 5 7 [] {} [] 0} {EntryNormal 6 8 [] {} [] 0} {EntryNormal 6 9 [] {} [] 0} {EntryNormal 6 10 [] {} [] 0} {EntryNormal 9 11 [] {} [] 0}][0m
2022/04/15 22:34:24 raft.go:244: [0;37m[info] 1 [term: 9, commit: 10, LastIndex: 11] send replication messages[PreIndex: 5, LogTerm: 4, entries [term:5 index:6  term:5 index:7  term:6 index:8  term:6 index:9  term:6 index:10  term:9 index:11 ]] to 2[0m
2022/04/15 22:34:24 raft.go:368: [0;37m[info] m.term 9[0m
2022/04/15 22:34:24 raft.go:522: [0;37m[info] follower append entries [term:5 index:6  term:5 index:7  term:6 index:8  term:6 index:9  term:6 index:10  term:9 index:11 ] at term 9[0m
2022/04/15 22:34:24 raft.go:608: [0;37m[info] handle append entries: [term:5 index:6  term:5 index:7  term:6 index:8  term:6 index:9  term:6 index:10  term:9 index:11 ][0m
2022/04/15 22:34:24 raft.go:615: [0;37m[info] 2 [logterm: 2, index: 5] rejected msgApp [logterm: 4, index: 5] from 1[0m
2022/04/15 22:34:24 raft.go:368: [0;37m[info] m.term 9[0m
2022/04/15 22:34:24 raft.go:456: [0;37m[info] 1 received msgApp rejection(lastindex: 11) from 2 for index 5[0m
2022/04/15 22:34:24 raft.go:460: [0;37m[info] 1 decreased progress of 2 to [ match=0 next=5][0m
2022/04/15 22:34:24 log.go:135: [0;37m[info] l.entries [{EntryNormal 1 1 [] {} [] 0} {EntryNormal 1 2 [] {} [] 0} {EntryNormal 1 3 [] {} [] 0} {EntryNormal 4 4 [] {} [] 0} {EntryNormal 4 5 [] {} [] 0} {EntryNormal 5 6 [] {} [] 0} {EntryNormal 5 7 [] {} [] 0} {EntryNormal 6 8 [] {} [] 0} {EntryNormal 6 9 [] {} [] 0} {EntryNormal 6 10 [] {} [] 0} {EntryNormal 9 11 [] {} [] 0}], [5, 12)[0m
2022/04/15 22:34:24 log.go:215: [0;37m[info] entries [5, 12), [{EntryNormal 4 5 [] {} [] 0} {EntryNormal 5 6 [] {} [] 0} {EntryNormal 5 7 [] {} [] 0} {EntryNormal 6 8 [] {} [] 0} {EntryNormal 6 9 [] {} [] 0} {EntryNormal 6 10 [] {} [] 0} {EntryNormal 9 11 [] {} [] 0}][0m
2022/04/15 22:34:24 raft.go:244: [0;37m[info] 1 [term: 9, commit: 10, LastIndex: 11] send replication messages[PreIndex: 4, LogTerm: 4, entries [term:4 index:5  term:5 index:6  term:5 index:7  term:6 index:8  term:6 index:9  term:6 index:10  term:9 index:11 ]] to 2[0m
2022/04/15 22:34:24 raft.go:368: [0;37m[info] m.term 9[0m
2022/04/15 22:34:24 raft.go:522: [0;37m[info] follower append entries [term:4 index:5  term:5 index:6  term:5 index:7  term:6 index:8  term:6 index:9  term:6 index:10  term:9 index:11 ] at term 9[0m
2022/04/15 22:34:24 raft.go:608: [0;37m[info] handle append entries: [term:4 index:5  term:5 index:6  term:5 index:7  term:6 index:8  term:6 index:9  term:6 index:10  term:9 index:11 ][0m
2022/04/15 22:34:24 raft.go:615: [0;37m[info] 2 [logterm: 2, index: 4] rejected msgApp [logterm: 4, index: 4] from 1[0m
2022/04/15 22:34:24 raft.go:368: [0;37m[info] m.term 9[0m
2022/04/15 22:34:24 raft.go:456: [0;37m[info] 1 received msgApp rejection(lastindex: 11) from 2 for index 4[0m
2022/04/15 22:34:24 raft.go:460: [0;37m[info] 1 decreased progress of 2 to [ match=0 next=4][0m
2022/04/15 22:34:24 log.go:135: [0;37m[info] l.entries [{EntryNormal 1 1 [] {} [] 0} {EntryNormal 1 2 [] {} [] 0} {EntryNormal 1 3 [] {} [] 0} {EntryNormal 4 4 [] {} [] 0} {EntryNormal 4 5 [] {} [] 0} {EntryNormal 5 6 [] {} [] 0} {EntryNormal 5 7 [] {} [] 0} {EntryNormal 6 8 [] {} [] 0} {EntryNormal 6 9 [] {} [] 0} {EntryNormal 6 10 [] {} [] 0} {EntryNormal 9 11 [] {} [] 0}], [4, 12)[0m
2022/04/15 22:34:24 log.go:215: [0;37m[info] entries [4, 12), [{EntryNormal 4 4 [] {} [] 0} {EntryNormal 4 5 [] {} [] 0} {EntryNormal 5 6 [] {} [] 0} {EntryNormal 5 7 [] {} [] 0} {EntryNormal 6 8 [] {} [] 0} {EntryNormal 6 9 [] {} [] 0} {EntryNormal 6 10 [] {} [] 0} {EntryNormal 9 11 [] {} [] 0}][0m
2022/04/15 22:34:24 raft.go:244: [0;37m[info] 1 [term: 9, commit: 10, LastIndex: 11] send replication messages[PreIndex: 3, LogTerm: 1, entries [term:4 index:4  term:4 index:5  term:5 index:6  term:5 index:7  term:6 index:8  term:6 index:9  term:6 index:10  term:9 index:11 ]] to 2[0m
2022/04/15 22:34:24 raft.go:368: [0;37m[info] m.term 9[0m
2022/04/15 22:34:24 raft.go:522: [0;37m[info] follower append entries [term:4 index:4  term:4 index:5  term:5 index:6  term:5 index:7  term:6 index:8  term:6 index:9  term:6 index:10  term:9 index:11 ] at term 9[0m
2022/04/15 22:34:24 raft.go:608: [0;37m[info] handle append entries: [term:4 index:4  term:4 index:5  term:5 index:6  term:5 index:7  term:6 index:8  term:6 index:9  term:6 index:10  term:9 index:11 ][0m
2022/04/15 22:34:24 log.go:368: [0;37m[info] found conflict at index 4 [existing term: 2, conflicting term: 4][0m
2022/04/15 22:34:24 log.go:312: [0;37m[info] match firstIndex 4[0m
2022/04/15 22:34:24 log.go:167: [0;37m[info] l.entries before append [{EntryNormal 1 1 [] {} [] 0} {EntryNormal 1 2 [] {} [] 0} {EntryNormal 1 3 [] {} [] 0} {EntryNormal 2 4 [] {} [] 0} {EntryNormal 2 5 [] {} [] 0} {EntryNormal 2 6 [] {} [] 0} {EntryNormal 3 7 [] {} [] 0} {EntryNormal 3 8 [] {} [] 0} {EntryNormal 3 9 [] {} [] 0} {EntryNormal 3 10 [] {} [] 0} {EntryNormal 3 11 [] {} [] 0}][0m
2022/04/15 22:34:24 log.go:168: [0;37m[info] ents before append [{EntryNormal 4 4 [] {} [] 0} {EntryNormal 4 5 [] {} [] 0} {EntryNormal 5 6 [] {} [] 0} {EntryNormal 5 7 [] {} [] 0} {EntryNormal 6 8 [] {} [] 0} {EntryNormal 6 9 [] {} [] 0} {EntryNormal 6 10 [] {} [] 0} {EntryNormal 9 11 [] {} [] 0}][0m
2022/04/15 22:34:24 log.go:197: [0;37m[info] truncateAndAppend case 3: start 4, end 11[0m
2022/04/15 22:34:24 log.go:215: [0;37m[info] entries [1, 4), [{EntryNormal 1 1 [] {} [] 0} {EntryNormal 1 2 [] {} [] 0} {EntryNormal 1 3 [] {} [] 0}][0m
2022/04/15 22:34:24 log.go:283: [0;37m[info] commit to 10[0m
2022/04/15 22:34:24 raft.go:610: [0;37m[info] 2 [Term: 9, matchIndex: 11] accepted msgApp [logterm: 1, index: 3] from 1[0m
2022/04/15 22:34:24 raft.go:368: [0;37m[info] m.term 9[0m
2022/04/15 22:34:24 log.go:283: [0;37m[info] commit to 11[0m
2022/04/15 22:34:24 raft.go:244: [0;37m[info] 1 [term: 9, commit: 11, LastIndex: 11] send replication messages[PreIndex: 11, LogTerm: 9, entries []] to 2[0m
2022/04/15 22:34:24 log.go:135: [0;37m[info] l.entries [{EntryNormal 1 1 [] {} [] 0} {EntryNormal 1 2 [] {} [] 0} {EntryNormal 1 3 [] {} [] 0} {EntryNormal 4 4 [] {} [] 0} {EntryNormal 4 5 [] {} [] 0} {EntryNormal 5 6 [] {} [] 0} {EntryNormal 5 7 [] {} [] 0} {EntryNormal 6 8 [] {} [] 0} {EntryNormal 6 9 [] {} [] 0} {EntryNormal 6 10 [] {} [] 0} {EntryNormal 9 11 [] {} [] 0}], [11, 12)[0m
2022/04/15 22:34:24 log.go:215: [0;37m[info] entries [11, 12), [{EntryNormal 9 11 [] {} [] 0}][0m
2022/04/15 22:34:24 raft.go:244: [0;37m[info] 1 [term: 9, commit: 11, LastIndex: 11] send replication messages[PreIndex: 10, LogTerm: 6, entries [term:9 index:11 ]] to 3[0m
2022/04/15 22:34:24 raft.go:470: [0;37m[info] 1 received msgApp agreement(matchIndex: 11) from 2 for index 3 ,and update committed from 10 to 11[0m
2022/04/15 22:34:24 raft.go:368: [0;37m[info] m.term 9[0m
2022/04/15 22:34:24 raft.go:522: [0;37m[info] follower append entries [] at term 9[0m
2022/04/15 22:34:24 raft.go:608: [0;37m[info] handle append entries: [][0m
2022/04/15 22:34:24 log.go:312: [0;37m[info] match firstIndex 0[0m
2022/04/15 22:34:24 log.go:283: [0;37m[info] commit to 11[0m
2022/04/15 22:34:24 raft.go:610: [0;37m[info] 2 [Term: 9, matchIndex: 11] accepted msgApp [logterm: 9, index: 11] from 1[0m
2022/04/15 22:34:24 raft.go:368: [0;37m[info] m.term 9[0m
2022/04/15 22:34:24 raft.go:470: [0;37m[info] 1 received msgApp agreement(matchIndex: 11) from 2 for index 11 ,and update committed from 11 to 11[0m
2022/04/15 22:34:24 raft.go:368: [0;37m[info] m.term 9[0m
2022/04/15 22:34:24 raft.go:368: [0;37m[info] m.term 0[0m
2022/04/15 22:34:24 log.go:167: [0;37m[info] l.entries before append [{EntryNormal 1 1 [] {} [] 0} {EntryNormal 1 2 [] {} [] 0} {EntryNormal 1 3 [] {} [] 0} {EntryNormal 4 4 [] {} [] 0} {EntryNormal 4 5 [] {} [] 0} {EntryNormal 5 6 [] {} [] 0} {EntryNormal 5 7 [] {} [] 0} {EntryNormal 6 8 [] {} [] 0} {EntryNormal 6 9 [] {} [] 0} {EntryNormal 6 10 [] {} [] 0} {EntryNormal 9 11 [] {} [] 0}][0m
2022/04/15 22:34:24 log.go:168: [0;37m[info] ents before append [{EntryNormal 9 12 [] {} [] 0}][0m
2022/04/15 22:34:24 log.go:182: [0;37m[info] truncateAndAppend case 1[0m
2022/04/15 22:34:24 log.go:135: [0;37m[info] l.entries [{EntryNormal 1 1 [] {} [] 0} {EntryNormal 1 2 [] {} [] 0} {EntryNormal 1 3 [] {} [] 0} {EntryNormal 4 4 [] {} [] 0} {EntryNormal 4 5 [] {} [] 0} {EntryNormal 5 6 [] {} [] 0} {EntryNormal 5 7 [] {} [] 0} {EntryNormal 6 8 [] {} [] 0} {EntryNormal 6 9 [] {} [] 0} {EntryNormal 6 10 [] {} [] 0} {EntryNormal 9 11 [] {} [] 0} {EntryNormal 9 12 [] {} [] 0}], [12, 13)[0m
2022/04/15 22:34:24 log.go:215: [0;37m[info] entries [12, 13), [{EntryNormal 9 12 [] {} [] 0}][0m
2022/04/15 22:34:24 raft.go:244: [0;37m[info] 1 [term: 9, commit: 11, LastIndex: 12] send replication messages[PreIndex: 11, LogTerm: 9, entries [term:9 index:12 ]] to 2[0m
2022/04/15 22:34:24 log.go:135: [0;37m[info] l.entries [{EntryNormal 1 1 [] {} [] 0} {EntryNormal 1 2 [] {} [] 0} {EntryNormal 1 3 [] {} [] 0} {EntryNormal 4 4 [] {} [] 0} {EntryNormal 4 5 [] {} [] 0} {EntryNormal 5 6 [] {} [] 0} {EntryNormal 5 7 [] {} [] 0} {EntryNormal 6 8 [] {} [] 0} {EntryNormal 6 9 [] {} [] 0} {EntryNormal 6 10 [] {} [] 0} {EntryNormal 9 11 [] {} [] 0} {EntryNormal 9 12 [] {} [] 0}], [11, 13)[0m
2022/04/15 22:34:24 log.go:215: [0;37m[info] entries [11, 13), [{EntryNormal 9 11 [] {} [] 0} {EntryNormal 9 12 [] {} [] 0}][0m
2022/04/15 22:34:24 raft.go:244: [0;37m[info] 1 [term: 9, commit: 11, LastIndex: 12] send replication messages[PreIndex: 10, LogTerm: 6, entries [term:9 index:11  term:9 index:12 ]] to 3[0m
2022/04/15 22:34:24 raft.go:368: [0;37m[info] m.term 9[0m
2022/04/15 22:34:24 raft.go:522: [0;37m[info] follower append entries [term:9 index:12 ] at term 9[0m
2022/04/15 22:34:24 raft.go:608: [0;37m[info] handle append entries: [term:9 index:12 ][0m
2022/04/15 22:34:24 log.go:312: [0;37m[info] match firstIndex 12[0m
2022/04/15 22:34:24 log.go:167: [0;37m[info] l.entries before append [{EntryNormal 1 1 [] {} [] 0} {EntryNormal 1 2 [] {} [] 0} {EntryNormal 1 3 [] {} [] 0} {EntryNormal 4 4 [] {} [] 0} {EntryNormal 4 5 [] {} [] 0} {EntryNormal 5 6 [] {} [] 0} {EntryNormal 5 7 [] {} [] 0} {EntryNormal 6 8 [] {} [] 0} {EntryNormal 6 9 [] {} [] 0} {EntryNormal 6 10 [] {} [] 0} {EntryNormal 9 11 [] {} [] 0}][0m
2022/04/15 22:34:24 log.go:168: [0;37m[info] ents before append [{EntryNormal 9 12 [] {} [] 0}][0m
2022/04/15 22:34:24 log.go:182: [0;37m[info] truncateAndAppend case 1[0m
2022/04/15 22:34:24 raft.go:610: [0;37m[info] 2 [Term: 9, matchIndex: 12] accepted msgApp [logterm: 9, index: 11] from 1[0m
2022/04/15 22:34:24 raft.go:368: [0;37m[info] m.term 9[0m
2022/04/15 22:34:24 log.go:283: [0;37m[info] commit to 12[0m
2022/04/15 22:34:24 raft.go:244: [0;37m[info] 1 [term: 9, commit: 12, LastIndex: 12] send replication messages[PreIndex: 12, LogTerm: 9, entries []] to 2[0m
2022/04/15 22:34:24 log.go:135: [0;37m[info] l.entries [{EntryNormal 1 1 [] {} [] 0} {EntryNormal 1 2 [] {} [] 0} {EntryNormal 1 3 [] {} [] 0} {EntryNormal 4 4 [] {} [] 0} {EntryNormal 4 5 [] {} [] 0} {EntryNormal 5 6 [] {} [] 0} {EntryNormal 5 7 [] {} [] 0} {EntryNormal 6 8 [] {} [] 0} {EntryNormal 6 9 [] {} [] 0} {EntryNormal 6 10 [] {} [] 0} {EntryNormal 9 11 [] {} [] 0} {EntryNormal 9 12 [] {} [] 0}], [11, 13)[0m
2022/04/15 22:34:24 log.go:215: [0;37m[info] entries [11, 13), [{EntryNormal 9 11 [] {} [] 0} {EntryNormal 9 12 [] {} [] 0}][0m
2022/04/15 22:34:24 raft.go:244: [0;37m[info] 1 [term: 9, commit: 12, LastIndex: 12] send replication messages[PreIndex: 10, LogTerm: 6, entries [term:9 index:11  term:9 index:12 ]] to 3[0m
2022/04/15 22:34:24 raft.go:470: [0;37m[info] 1 received msgApp agreement(matchIndex: 12) from 2 for index 11 ,and update committed from 11 to 12[0m
2022/04/15 22:34:24 raft.go:368: [0;37m[info] m.term 9[0m
2022/04/15 22:34:24 raft.go:522: [0;37m[info] follower append entries [] at term 9[0m
2022/04/15 22:34:24 raft.go:608: [0;37m[info] handle append entries: [][0m
2022/04/15 22:34:24 log.go:312: [0;37m[info] match firstIndex 0[0m
2022/04/15 22:34:24 log.go:283: [0;37m[info] commit to 12[0m
2022/04/15 22:34:24 raft.go:610: [0;37m[info] 2 [Term: 9, matchIndex: 12] accepted msgApp [logterm: 9, index: 12] from 1[0m
2022/04/15 22:34:24 raft.go:368: [0;37m[info] m.term 9[0m
2022/04/15 22:34:24 raft.go:470: [0;37m[info] 1 received msgApp agreement(matchIndex: 12) from 2 for index 12 ,and update committed from 12 to 12[0m
PASS
ok  	github.com/pingcap-incubator/tinykv/raft	0.015s
